[33mCMake Warning (dev) at CMakeLists.txt:45 (find_package):
  Policy CMP0074 is not set: find_package uses <PackageName>_ROOT variables.
  Run "cmake --help-policy CMP0074" for policy details.  Use the cmake_policy
  command to set the policy and suppress this warning.

  CMake variable PCL_ROOT is set to:

    /usr

  For compatibility, CMake is ignoring the variable.
This warning is for project developers.  Use -Wno-dev to suppress it.
[0m
[01m[K/home/apenchu/hobi/ros2_ws/src/stonefish_ros2/src/stonefish_ros2/ROS2Interface.cpp:[m[K In member function ‘[01m[Kvoid sf::ROS2Interface::[01;32m[KPublishEventBasedCamera[m[K(rclcpp::PublisherBase::SharedPtr, sf::EventBasedCamera*)[m[K’:
[01m[K/home/apenchu/hobi/ros2_ws/src/stonefish_ros2/src/stonefish_ros2/ROS2Interface.cpp:697:45:[m[K [01;31m[Kerror: [m[Kno match for ‘[01m[Koperator+[m[K’ (operand types are ‘[01m[Kstd_msgs::msg::Header_<std::allocator<void> >::_stamp_type[m[K’ {aka ‘[01m[Kbuiltin_interfaces::msg::Time_<std::allocator<void> >[m[K’} and ‘[01m[Krclcpp::Duration[m[K’)
  697 |         msg.events[i].ts = [32m[Kmsg.header.stamp[m[K [01;31m[K+[m[K rclcpp::[34m[KDuration(0, abs(data[i*2+1]))[m[K;
      |                            [32m[K~~~~~~~~~~~~~~~~[m[K [01;31m[K^[m[K         [34m[K~~~~~~~~~~~~~~~~~~~~~~~~~~~~~[m[K
      |                                       [32m[K|[m[K               [34m[K|[m[K
      |                                       [32m[K|[m[K               [34m[Krclcpp::Duration[m[K
      |                                       [32m[Kstd_msgs::msg::Header_<std::allocator<void> >::_stamp_type {aka builtin_interfaces::msg::Time_<std::allocator<void> >}[m[K
In file included from [01m[K/usr/include/c++/13/bits/stl_algobase.h:67[m[K,
                 from [01m[K/usr/include/c++/13/bits/stl_uninitialized.h:63[m[K,
                 from [01m[K/usr/include/c++/13/memory:69[m[K,
                 from [01m[K/opt/ros/humble/include/rclcpp/rclcpp/rclcpp.hpp:153[m[K,
                 from [01m[K/home/apenchu/hobi/ros2_ws/src/stonefish_ros2/include/stonefish_ros2/ROS2Interface.h:29[m[K,
                 from [01m[K/home/apenchu/hobi/ros2_ws/src/stonefish_ros2/src/stonefish_ros2/ROS2Interface.cpp:26[m[K:
[01m[K/usr/include/c++/13/bits/stl_iterator.h:634:5:[m[K [01;36m[Knote: [m[Kcandidate: ‘[01m[Ktemplate<class _Iterator> constexpr std::reverse_iterator<_IteratorL> std::[01;32m[Koperator+[m[K(typename reverse_iterator<_IteratorL>::difference_type, const reverse_iterator<_IteratorL>&)[m[K’
  634 |     [01;36m[Koperator[m[K+(typename reverse_iterator<_Iterator>::difference_type __n,
      |     [01;36m[K^~~~~~~~[m[K
[01m[K/usr/include/c++/13/bits/stl_iterator.h:634:5:[m[K [01;36m[Knote: [m[K  template argument deduction/substitution failed:
[01m[K/home/apenchu/hobi/ros2_ws/src/stonefish_ros2/src/stonefish_ros2/ROS2Interface.cpp:697:83:[m[K [01;36m[Knote: [m[K  ‘[01m[Krclcpp::Duration[m[K’ is not derived from ‘[01m[Kconst std::reverse_iterator<_IteratorL>[m[K’
  697 |         msg.events[i].ts = msg.header.stamp + rclcpp::Duration(0, abs(data[i*2+1])[01;36m[K)[m[K;
      |                                                                                   [01;36m[K^[m[K
[01m[K/usr/include/c++/13/bits/stl_iterator.h:1808:5:[m[K [01;36m[Knote: [m[Kcandidate: ‘[01m[Ktemplate<class _Iterator> constexpr std::move_iterator<_IteratorL> std::[01;32m[Koperator+[m[K(typename move_iterator<_IteratorL>::difference_type, const move_iterator<_IteratorL>&)[m[K’
 1808 |     [01;36m[Koperator[m[K+(typename move_iterator<_Iterator>::difference_type __n,
      |     [01;36m[K^~~~~~~~[m[K
[01m[K/usr/include/c++/13/bits/stl_iterator.h:1808:5:[m[K [01;36m[Knote: [m[K  template argument deduction/substitution failed:
[01m[K/home/apenchu/hobi/ros2_ws/src/stonefish_ros2/src/stonefish_ros2/ROS2Interface.cpp:697:83:[m[K [01;36m[Knote: [m[K  ‘[01m[Krclcpp::Duration[m[K’ is not derived from ‘[01m[Kconst std::move_iterator<_IteratorL>[m[K’
  697 |         msg.events[i].ts = msg.header.stamp + rclcpp::Duration(0, abs(data[i*2+1])[01;36m[K)[m[K;
      |                                                                                   [01;36m[K^[m[K
In file included from [01m[K/usr/include/c++/13/string:54[m[K,
                 from [01m[K/usr/include/c++/13/bits/locale_classes.h:40[m[K,
                 from [01m[K/usr/include/c++/13/bits/ios_base.h:41[m[K,
                 from [01m[K/usr/include/c++/13/ios:44[m[K,
                 from [01m[K/usr/include/c++/13/ostream:40[m[K,
                 from [01m[K/usr/include/c++/13/bits/unique_ptr.h:42[m[K,
                 from [01m[K/usr/include/c++/13/memory:78[m[K:
[01m[K/usr/include/c++/13/bits/basic_string.h:3541:5:[m[K [01;36m[Knote: [m[Kcandidate: ‘[01m[Ktemplate<class _CharT, class _Traits, class _Alloc> constexpr std::__cxx11::basic_string<_CharT, _Traits, _Allocator> std::[01;32m[Koperator+[m[K(const __cxx11::basic_string<_CharT, _Traits, _Allocator>&, const __cxx11::basic_string<_CharT, _Traits, _Allocator>&)[m[K’
 3541 |     [01;36m[Koperator[m[K+(const basic_string<_CharT, _Traits, _Alloc>& __lhs,
      |     [01;36m[K^~~~~~~~[m[K
[01m[K/usr/include/c++/13/bits/basic_string.h:3541:5:[m[K [01;36m[Knote: [m[K  template argument deduction/substitution failed:
[01m[K/home/apenchu/hobi/ros2_ws/src/stonefish_ros2/src/stonefish_ros2/ROS2Interface.cpp:697:83:[m[K [01;36m[Knote: [m[K  ‘[01m[Kstd_msgs::msg::Header_<std::allocator<void> >::_stamp_type[m[K’ {aka ‘[01m[Kbuiltin_interfaces::msg::Time_<std::allocator<void> >[m[K’} is not derived from ‘[01m[Kconst std::__cxx11::basic_string<_CharT, _Traits, _Allocator>[m[K’
  697 |         msg.events[i].ts = msg.header.stamp + rclcpp::Duration(0, abs(data[i*2+1])[01;36m[K)[m[K;
      |                                                                                   [01;36m[K^[m[K
[01m[K/usr/include/c++/13/bits/basic_string.h:3559:5:[m[K [01;36m[Knote: [m[Kcandidate: ‘[01m[Ktemplate<class _CharT, class _Traits, class _Alloc> constexpr std::__cxx11::basic_string<_CharT, _Traits, _Allocator> std::[01;32m[Koperator+[m[K(const _CharT*, const __cxx11::basic_string<_CharT, _Traits, _Allocator>&)[m[K’
 3559 |     [01;36m[Koperator[m[K+(const _CharT* __lhs,
      |     [01;36m[K^~~~~~~~[m[K
[01m[K/usr/include/c++/13/bits/basic_string.h:3559:5:[m[K [01;36m[Knote: [m[K  template argument deduction/substitution failed:
[01m[K/home/apenchu/hobi/ros2_ws/src/stonefish_ros2/src/stonefish_ros2/ROS2Interface.cpp:697:83:[m[K [01;36m[Knote: [m[K  mismatched types ‘[01m[Kconst _CharT*[m[K’ and ‘[01m[Kbuiltin_interfaces::msg::Time_<std::allocator<void> >[m[K’
  697 |         msg.events[i].ts = msg.header.stamp + rclcpp::Duration(0, abs(data[i*2+1])[01;36m[K)[m[K;
      |                                                                                   [01;36m[K^[m[K
[01m[K/usr/include/c++/13/bits/basic_string.h:3578:5:[m[K [01;36m[Knote: [m[Kcandidate: ‘[01m[Ktemplate<class _CharT, class _Traits, class _Alloc> constexpr std::__cxx11::basic_string<_CharT, _Traits, _Allocator> std::[01;32m[Koperator+[m[K(_CharT, const __cxx11::basic_string<_CharT, _Traits, _Allocator>&)[m[K’
 3578 |     [01;36m[Koperator[m[K+(_CharT __lhs, const basic_string<_CharT,_Traits,_Alloc>& __rhs)
      |     [01;36m[K^~~~~~~~[m[K
[01m[K/usr/include/c++/13/bits/basic_string.h:3578:5:[m[K [01;36m[Knote: [m[K  template argument deduction/substitution failed:
[01m[K/home/apenchu/hobi/ros2_ws/src/stonefish_ros2/src/stonefish_ros2/ROS2Interface.cpp:697:83:[m[K [01;36m[Knote: [m[K  ‘[01m[Krclcpp::Duration[m[K’ is not derived from ‘[01m[Kconst std::__cxx11::basic_string<_CharT, _Traits, _Allocator>[m[K’
  697 |         msg.events[i].ts = msg.header.stamp + rclcpp::Duration(0, abs(data[i*2+1])[01;36m[K)[m[K;
      |                                                                                   [01;36m[K^[m[K
[01m[K/usr/include/c++/13/bits/basic_string.h:3595:5:[m[K [01;36m[Knote: [m[Kcandidate: ‘[01m[Ktemplate<class _CharT, class _Traits, class _Alloc> constexpr std::__cxx11::basic_string<_CharT, _Traits, _Allocator> std::[01;32m[Koperator+[m[K(const __cxx11::basic_string<_CharT, _Traits, _Allocator>&, const _CharT*)[m[K’
 3595 |     [01;36m[Koperator[m[K+(const basic_string<_CharT, _Traits, _Alloc>& __lhs,
      |     [01;36m[K^~~~~~~~[m[K
[01m[K/usr/include/c++/13/bits/basic_string.h:3595:5:[m[K [01;36m[Knote: [m[K  template argument deduction/substitution failed:
[01m[K/home/apenchu/hobi/ros2_ws/src/stonefish_ros2/src/stonefish_ros2/ROS2Interface.cpp:697:83:[m[K [01;36m[Knote: [m[K  ‘[01m[Kstd_msgs::msg::Header_<std::allocator<void> >::_stamp_type[m[K’ {aka ‘[01m[Kbuiltin_interfaces::msg::Time_<std::allocator<void> >[m[K’} is not derived from ‘[01m[Kconst std::__cxx11::basic_string<_CharT, _Traits, _Allocator>[m[K’
  697 |         msg.events[i].ts = msg.header.stamp + rclcpp::Duration(0, abs(data[i*2+1])[01;36m[K)[m[K;
      |                                                                                   [01;36m[K^[m[K
[01m[K/usr/include/c++/13/bits/basic_string.h:3613:5:[m[K [01;36m[Knote: [m[Kcandidate: ‘[01m[Ktemplate<class _CharT, class _Traits, class _Alloc> constexpr std::__cxx11::basic_string<_CharT, _Traits, _Allocator> std::[01;32m[Koperator+[m[K(const __cxx11::basic_string<_CharT, _Traits, _Allocator>&, _CharT)[m[K’
 3613 |     [01;36m[Koperator[m[K+(const basic_string<_CharT, _Traits, _Alloc>& __lhs, _CharT __rhs)
      |     [01;36m[K^~~~~~~~[m[K
[01m[K/usr/include/c++/13/bits/basic_string.h:3613:5:[m[K [01;36m[Knote: [m[K  template argument deduction/substitution failed:
[01m[K/home/apenchu/hobi/ros2_ws/src/stonefish_ros2/src/stonefish_ros2/ROS2Interface.cpp:697:83:[m[K [01;36m[Knote: [m[K  ‘[01m[Kstd_msgs::msg::Header_<std::allocator<void> >::_stamp_type[m[K’ {aka ‘[01m[Kbuiltin_interfaces::msg::Time_<std::allocator<void> >[m[K’} is not derived from ‘[01m[Kconst std::__cxx11::basic_string<_CharT, _Traits, _Allocator>[m[K’
  697 |         msg.events[i].ts = msg.header.stamp + rclcpp::Duration(0, abs(data[i*2+1])[01;36m[K)[m[K;
      |                                                                                   [01;36m[K^[m[K
[01m[K/usr/include/c++/13/bits/basic_string.h:3625:5:[m[K [01;36m[Knote: [m[Kcandidate: ‘[01m[Ktemplate<class _CharT, class _Traits, class _Alloc> constexpr std::__cxx11::basic_string<_CharT, _Traits, _Allocator> std::[01;32m[Koperator+[m[K(__cxx11::basic_string<_CharT, _Traits, _Allocator>&&, const __cxx11::basic_string<_CharT, _Traits, _Allocator>&)[m[K’
 3625 |     [01;36m[Koperator[m[K+(basic_string<_CharT, _Traits, _Alloc>&& __lhs,
      |     [01;36m[K^~~~~~~~[m[K
[01m[K/usr/include/c++/13/bits/basic_string.h:3625:5:[m[K [01;36m[Knote: [m[K  template argument deduction/substitution failed:
[01m[K/home/apenchu/hobi/ros2_ws/src/stonefish_ros2/src/stonefish_ros2/ROS2Interface.cpp:697:83:[m[K [01;36m[Knote: [m[K  ‘[01m[Kstd_msgs::msg::Header_<std::allocator<void> >::_stamp_type[m[K’ {aka ‘[01m[Kbuiltin_interfaces::msg::Time_<std::allocator<void> >[m[K’} is not derived from ‘[01m[Kstd::__cxx11::basic_string<_CharT, _Traits, _Allocator>[m[K’
  697 |         msg.events[i].ts = msg.header.stamp + rclcpp::Duration(0, abs(data[i*2+1])[01;36m[K)[m[K;
      |                                                                                   [01;36m[K^[m[K
[01m[K/usr/include/c++/13/bits/basic_string.h:3632:5:[m[K [01;36m[Knote: [m[Kcandidate: ‘[01m[Ktemplate<class _CharT, class _Traits, class _Alloc> constexpr std::__cxx11::basic_string<_CharT, _Traits, _Allocator> std::[01;32m[Koperator+[m[K(const __cxx11::basic_string<_CharT, _Traits, _Allocator>&, __cxx11::basic_string<_CharT, _Traits, _Allocator>&&)[m[K’
 3632 |     [01;36m[Koperator[m[K+(const basic_string<_CharT, _Traits, _Alloc>& __lhs,
      |     [01;36m[K^~~~~~~~[m[K
[01m[K/usr/include/c++/13/bits/basic_string.h:3632:5:[m[K [01;36m[Knote: [m[K  template argument deduction/substitution failed:
[01m[K/home/apenchu/hobi/ros2_ws/src/stonefish_ros2/src/stonefish_ros2/ROS2Interface.cpp:697:83:[m[K [01;36m[Knote: [m[K  ‘[01m[Kstd_msgs::msg::Header_<std::allocator<void> >::_stamp_type[m[K’ {aka ‘[01m[Kbuiltin_interfaces::msg::Time_<std::allocator<void> >[m[K’} is not derived from ‘[01m[Kconst std::__cxx11::basic_string<_CharT, _Traits, _Allocator>[m[K’
  697 |         msg.events[i].ts = msg.header.stamp + rclcpp::Duration(0, abs(data[i*2+1])[01;36m[K)[m[K;
      |                                                                                   [01;36m[K^[m[K
[01m[K/usr/include/c++/13/bits/basic_string.h:3639:5:[m[K [01;36m[Knote: [m[Kcandidate: ‘[01m[Ktemplate<class _CharT, class _Traits, class _Alloc> constexpr std::__cxx11::basic_string<_CharT, _Traits, _Allocator> std::[01;32m[Koperator+[m[K(__cxx11::basic_string<_CharT, _Traits, _Allocator>&&, __cxx11::basic_string<_CharT, _Traits, _Allocator>&&)[m[K’
 3639 |     [01;36m[Koperator[m[K+(basic_string<_CharT, _Traits, _Alloc>&& __lhs,
      |     [01;36m[K^~~~~~~~[m[K
[01m[K/usr/include/c++/13/bits/basic_string.h:3639:5:[m[K [01;36m[Knote: [m[K  template argument deduction/substitution failed:
[01m[K/home/apenchu/hobi/ros2_ws/src/stonefish_ros2/src/stonefish_ros2/ROS2Interface.cpp:697:83:[m[K [01;36m[Knote: [m[K  ‘[01m[Kstd_msgs::msg::Header_<std::allocator<void> >::_stamp_type[m[K’ {aka ‘[01m[Kbuiltin_interfaces::msg::Time_<std::allocator<void> >[m[K’} is not derived from ‘[01m[Kstd::__cxx11::basic_string<_CharT, _Traits, _Allocator>[m[K’
  697 |         msg.events[i].ts = msg.header.stamp + rclcpp::Duration(0, abs(data[i*2+1])[01;36m[K)[m[K;
      |                                                                                   [01;36m[K^[m[K
[01m[K/usr/include/c++/13/bits/basic_string.h:3662:5:[m[K [01;36m[Knote: [m[Kcandidate: ‘[01m[Ktemplate<class _CharT, class _Traits, class _Alloc> constexpr std::__cxx11::basic_string<_CharT, _Traits, _Allocator> std::[01;32m[Koperator+[m[K(const _CharT*, __cxx11::basic_string<_CharT, _Traits, _Allocator>&&)[m[K’
 3662 |     [01;36m[Koperator[m[K+(const _CharT* __lhs,
      |     [01;36m[K^~~~~~~~[m[K
[01m[K/usr/include/c++/13/bits/basic_string.h:3662:5:[m[K [01;36m[Knote: [m[K  template argument deduction/substitution failed:
[01m[K/home/apenchu/hobi/ros2_ws/src/stonefish_ros2/src/stonefish_ros2/ROS2Interface.cpp:697:83:[m[K [01;36m[Knote: [m[K  mismatched types ‘[01m[Kconst _CharT*[m[K’ and ‘[01m[Kbuiltin_interfaces::msg::Time_<std::allocator<void> >[m[K’
  697 |         msg.events[i].ts = msg.header.stamp + rclcpp::Duration(0, abs(data[i*2+1])[01;36m[K)[m[K;
      |                                                                                   [01;36m[K^[m[K
[01m[K/usr/include/c++/13/bits/basic_string.h:3669:5:[m[K [01;36m[Knote: [m[Kcandidate: ‘[01m[Ktemplate<class _CharT, class _Traits, class _Alloc> constexpr std::__cxx11::basic_string<_CharT, _Traits, _Allocator> std::[01;32m[Koperator+[m[K(_CharT, __cxx11::basic_string<_CharT, _Traits, _Allocator>&&)[m[K’
 3669 |     [01;36m[Koperator[m[K+(_CharT __lhs,
      |     [01;36m[K^~~~~~~~[m[K
[01m[K/usr/include/c++/13/bits/basic_string.h:3669:5:[m[K [01;36m[Knote: [m[K  template argument deduction/substitution failed:
[01m[K/home/apenchu/hobi/ros2_ws/src/stonefish_ros2/src/stonefish_ros2/ROS2Interface.cpp:697:83:[m[K [01;36m[Knote: [m[K  ‘[01m[Krclcpp::Duration[m[K’ is not derived from ‘[01m[Kstd::__cxx11::basic_string<_CharT, _Traits, _Allocator>[m[K’
  697 |         msg.events[i].ts = msg.header.stamp + rclcpp::Duration(0, abs(data[i*2+1])[01;36m[K)[m[K;
      |                                                                                   [01;36m[K^[m[K
[01m[K/usr/include/c++/13/bits/basic_string.h:3676:5:[m[K [01;36m[Knote: [m[Kcandidate: ‘[01m[Ktemplate<class _CharT, class _Traits, class _Alloc> constexpr std::__cxx11::basic_string<_CharT, _Traits, _Allocator> std::[01;32m[Koperator+[m[K(__cxx11::basic_string<_CharT, _Traits, _Allocator>&&, const _CharT*)[m[K’
 3676 |     [01;36m[Koperator[m[K+(basic_string<_CharT, _Traits, _Alloc>&& __lhs,
      |     [01;36m[K^~~~~~~~[m[K
[01m[K/usr/include/c++/13/bits/basic_string.h:3676:5:[m[K [01;36m[Knote: [m[K  template argument deduction/substitution failed:
[01m[K/home/apenchu/hobi/ros2_ws/src/stonefish_ros2/src/stonefish_ros2/ROS2Interface.cpp:697:83:[m[K [01;36m[Knote: [m[K  ‘[01m[Kstd_msgs::msg::Header_<std::allocator<void> >::_stamp_type[m[K’ {aka ‘[01m[Kbuiltin_interfaces::msg::Time_<std::allocator<void> >[m[K’} is not derived from ‘[01m[Kstd::__cxx11::basic_string<_CharT, _Traits, _Allocator>[m[K’
  697 |         msg.events[i].ts = msg.header.stamp + rclcpp::Duration(0, abs(data[i*2+1])[01;36m[K)[m[K;
      |                                                                                   [01;36m[K^[m[K
[01m[K/usr/include/c++/13/bits/basic_string.h:3683:5:[m[K [01;36m[Knote: [m[Kcandidate: ‘[01m[Ktemplate<class _CharT, class _Traits, class _Alloc> constexpr std::__cxx11::basic_string<_CharT, _Traits, _Allocator> std::[01;32m[Koperator+[m[K(__cxx11::basic_string<_CharT, _Traits, _Allocator>&&, _CharT)[m[K’
 3683 |     [01;36m[Koperator[m[K+(basic_string<_CharT, _Traits, _Alloc>&& __lhs,
      |     [01;36m[K^~~~~~~~[m[K
[01m[K/usr/include/c++/13/bits/basic_string.h:3683:5:[m[K [01;36m[Knote: [m[K  template argument deduction/substitution failed:
[01m[K/home/apenchu/hobi/ros2_ws/src/stonefish_ros2/src/stonefish_ros2/ROS2Interface.cpp:697:83:[m[K [01;36m[Knote: [m[K  ‘[01m[Kstd_msgs::msg::Header_<std::allocator<void> >::_stamp_type[m[K’ {aka ‘[01m[Kbuiltin_interfaces::msg::Time_<std::allocator<void> >[m[K’} is not derived from ‘[01m[Kstd::__cxx11::basic_string<_CharT, _Traits, _Allocator>[m[K’
  697 |         msg.events[i].ts = msg.header.stamp + rclcpp::Duration(0, abs(data[i*2+1])[01;36m[K)[m[K;
      |                                                                                   [01;36m[K^[m[K
In file included from [01m[K/usr/include/eigen3/Eigen/Core:50[m[K,
                 from [01m[K/usr/include/eigen3/Eigen/StdVector:14[m[K,
                 from [01m[K/usr/include/pcl-1.12/pcl/point_cloud.h:45[m[K,
                 from [01m[K/home/apenchu/hobi/ros2_ws/src/stonefish_ros2/src/stonefish_ros2/ROS2Interface.cpp:42[m[K:
[01m[K/usr/include/c++/13/complex:335:5:[m[K [01;36m[Knote: [m[Kcandidate: ‘[01m[Ktemplate<class _Tp> constexpr std::complex<_Tp> std::[01;32m[Koperator+[m[K(const complex<_Tp>&, const complex<_Tp>&)[m[K’
  335 |     [01;36m[Koperator[m[K+(const complex<_Tp>& __x, const complex<_Tp>& __y)
      |     [01;36m[K^~~~~~~~[m[K
[01m[K/usr/include/c++/13/complex:335:5:[m[K [01;36m[Knote: [m[K  template argument deduction/substitution failed:
[01m[K/home/apenchu/hobi/ros2_ws/src/stonefish_ros2/src/stonefish_ros2/ROS2Interface.cpp:697:83:[m[K [01;36m[Knote: [m[K  ‘[01m[Kstd_msgs::msg::Header_<std::allocator<void> >::_stamp_type[m[K’ {aka ‘[01m[Kbuiltin_interfaces::msg::Time_<std::allocator<void> >[m[K’} is not derived from ‘[01m[Kconst std::complex<_Tp>[m[K’
  697 |         msg.events[i].ts = msg.header.stamp + rclcpp::Duration(0, abs(data[i*2+1])[01;36m[K)[m[K;
      |                                                                                   [01;36m[K^[m[K
[01m[K/usr/include/c++/13/complex:344:5:[m[K [01;36m[Knote: [m[Kcandidate: ‘[01m[Ktemplate<class _Tp> constexpr std::complex<_Tp> std::[01;32m[Koperator+[m[K(const complex<_Tp>&, const _Tp&)[m[K’
  344 |     [01;36m[Koperator[m[K+(const complex<_Tp>& __x, const _Tp& __y)
      |     [01;36m[K^~~~~~~~[m[K
[01m[K/usr/include/c++/13/complex:344:5:[m[K [01;36m[Knote: [m[K  template argument deduction/substitution failed:
[01m[K/home/apenchu/hobi/ros2_ws/src/stonefish_ros2/src/stonefish_ros2/ROS2Interface.cpp:697:83:[m[K [01;36m[Knote: [m[K  ‘[01m[Kstd_msgs::msg::Header_<std::allocator<void> >::_stamp_type[m[K’ {aka ‘[01m[Kbuiltin_interfaces::msg::Time_<std::allocator<void> >[m[K’} is not derived from ‘[01m[Kconst std::complex<_Tp>[m[K’
  697 |         msg.events[i].ts = msg.header.stamp + rclcpp::Duration(0, abs(data[i*2+1])[01;36m[K)[m[K;
      |                                                                                   [01;36m[K^[m[K
[01m[K/usr/include/c++/13/complex:353:5:[m[K [01;36m[Knote: [m[Kcandidate: ‘[01m[Ktemplate<class _Tp> constexpr std::complex<_Tp> std::[01;32m[Koperator+[m[K(const _Tp&, const complex<_Tp>&)[m[K’
  353 |     [01;36m[Koperator[m[K+(const _Tp& __x, const complex<_Tp>& __y)
      |     [01;36m[K^~~~~~~~[m[K
[01m[K/usr/include/c++/13/complex:353:5:[m[K [01;36m[Knote: [m[K  template argument deduction/substitution failed:
[01m[K/home/apenchu/hobi/ros2_ws/src/stonefish_ros2/src/stonefish_ros2/ROS2Interface.cpp:697:83:[m[K [01;36m[Knote: [m[K  ‘[01m[Krclcpp::Duration[m[K’ is not derived from ‘[01m[Kconst std::complex<_Tp>[m[K’
  697 |         msg.events[i].ts = msg.header.stamp + rclcpp::Duration(0, abs(data[i*2+1])[01;36m[K)[m[K;
      |                                                                                   [01;36m[K^[m[K
[01m[K/usr/include/c++/13/complex:454:5:[m[K [01;36m[Knote: [m[Kcandidate: ‘[01m[Ktemplate<class _Tp> constexpr std::complex<_Tp> std::[01;32m[Koperator+[m[K(const complex<_Tp>&)[m[K’
  454 |     [01;36m[Koperator[m[K+(const complex<_Tp>& __x)
      |     [01;36m[K^~~~~~~~[m[K
[01m[K/usr/include/c++/13/complex:454:5:[m[K [01;36m[Knote: [m[K  template argument deduction/substitution failed:
[01m[K/home/apenchu/hobi/ros2_ws/src/stonefish_ros2/src/stonefish_ros2/ROS2Interface.cpp:697:83:[m[K [01;36m[Knote: [m[K  ‘[01m[Kstd_msgs::msg::Header_<std::allocator<void> >::_stamp_type[m[K’ {aka ‘[01m[Kbuiltin_interfaces::msg::Time_<std::allocator<void> >[m[K’} is not derived from ‘[01m[Kconst std::complex<_Tp>[m[K’
  697 |         msg.events[i].ts = msg.header.stamp + rclcpp::Duration(0, abs(data[i*2+1])[01;36m[K)[m[K;
      |                                                                                   [01;36m[K^[m[K
In file included from [01m[K/usr/local/include/Stonefish/BulletCollision/CollisionDispatch/btCollisionWorld.h:77[m[K,
                 from [01m[K/usr/local/include/Stonefish/btBulletCollisionCommon.h:22[m[K,
                 from [01m[K/usr/local/include/Stonefish/btBulletDynamicsCommon.h:20[m[K,
                 from [01m[K/usr/local/include/Stonefish/StonefishCommon.h:37[m[K,
                 from [01m[K/home/apenchu/hobi/ros2_ws/src/stonefish_ros2/include/stonefish_ros2/ROS2Interface.h:34[m[K:
[01m[K/usr/local/include/Stonefish/LinearMath/btVector3.h:754:1:[m[K [01;36m[Knote: [m[Kcandidate: ‘[01m[KbtVector3[01;32m[K operator+[m[K(const btVector3&, const btVector3&)[m[K’
  754 | [01;36m[Koperator[m[K+(const btVector3& v1, const btVector3& v2)
      | [01;36m[K^~~~~~~~[m[K
[01m[K/usr/local/include/Stonefish/LinearMath/btVector3.h:754:28:[m[K [01;36m[Knote: [m[K  no known conversion for argument 1 from ‘[01m[Kstd_msgs::msg::Header_<std::allocator<void> >::_stamp_type[m[K’ {aka ‘[01m[Kbuiltin_interfaces::msg::Time_<std::allocator<void> >[m[K’} to ‘[01m[Kconst btVector3&[m[K’
  754 | operator+([01;36m[Kconst btVector3& v1[m[K, const btVector3& v2)
      |           [01;36m[K~~~~~~~~~~~~~~~~~^~[m[K
In file included from [01m[K/usr/local/include/Stonefish/LinearMath/btTransform.h:18[m[K,
                 from [01m[K/usr/local/include/Stonefish/BulletCollision/CollisionDispatch/btCollisionWorld.h:78[m[K:
[01m[K/usr/local/include/Stonefish/LinearMath/btMatrix3x3.h:952:1:[m[K [01;36m[Knote: [m[Kcandidate: ‘[01m[KbtMatrix3x3[01;32m[K operator+[m[K(const btMatrix3x3&, const btMatrix3x3&)[m[K’
  952 | [01;36m[Koperator[m[K+(const btMatrix3x3& m1, const btMatrix3x3& m2)
      | [01;36m[K^~~~~~~~[m[K
[01m[K/usr/local/include/Stonefish/LinearMath/btMatrix3x3.h:952:30:[m[K [01;36m[Knote: [m[K  no known conversion for argument 1 from ‘[01m[Kstd_msgs::msg::Header_<std::allocator<void> >::_stamp_type[m[K’ {aka ‘[01m[Kbuiltin_interfaces::msg::Time_<std::allocator<void> >[m[K’} to ‘[01m[Kconst btMatrix3x3&[m[K’
  952 | operator+([01;36m[Kconst btMatrix3x3& m1[m[K, const btMatrix3x3& m2)
      |           [01;36m[K~~~~~~~~~~~~~~~~~~~^~[m[K
In file included from [01m[K/opt/ros/humble/include/rclcpp/rclcpp/clock.hpp:24[m[K,
                 from [01m[K/opt/ros/humble/include/rclcpp/rclcpp/timer.hpp:27[m[K,
                 from [01m[K/opt/ros/humble/include/rclcpp/rclcpp/callback_group.hpp:30[m[K,
                 from [01m[K/opt/ros/humble/include/rclcpp/rclcpp/any_executable.hpp:20[m[K,
                 from [01m[K/opt/ros/humble/include/rclcpp/rclcpp/memory_strategy.hpp:25[m[K,
                 from [01m[K/opt/ros/humble/include/rclcpp/rclcpp/memory_strategies.hpp:18[m[K,
                 from [01m[K/opt/ros/humble/include/rclcpp/rclcpp/executor_options.hpp:20[m[K,
                 from [01m[K/opt/ros/humble/include/rclcpp/rclcpp/executor.hpp:37[m[K,
                 from [01m[K/opt/ros/humble/include/rclcpp/rclcpp/executors/multi_threaded_executor.hpp:25[m[K,
                 from [01m[K/opt/ros/humble/include/rclcpp/rclcpp/executors.hpp:21[m[K,
                 from [01m[K/opt/ros/humble/include/rclcpp/rclcpp/rclcpp.hpp:155[m[K:
[01m[K/opt/ros/humble/include/rclcpp/rclcpp/time.hpp:223:1:[m[K [01;36m[Knote: [m[Kcandidate: ‘[01m[Krclcpp::Time rclcpp::[01;32m[Koperator+[m[K(const Duration&, const Time&)[m[K’
  223 | [01;36m[Koperator[m[K+(const rclcpp::Duration & lhs, const rclcpp::Time & rhs);
      | [01;36m[K^~~~~~~~[m[K
[01m[K/opt/ros/humble/include/rclcpp/rclcpp/time.hpp:223:36:[m[K [01;36m[Knote: [m[K  no known conversion for argument 1 from ‘[01m[Kstd_msgs::msg::Header_<std::allocator<void> >::_stamp_type[m[K’ {aka ‘[01m[Kbuiltin_interfaces::msg::Time_<std::allocator<void> >[m[K’} to ‘[01m[Kconst rclcpp::Duration&[m[K’
  223 | operator+([01;36m[Kconst rclcpp::Duration & lhs[m[K, const rclcpp::Time & rhs);
      |           [01;36m[K~~~~~~~~~~~~~~~~~~~~~~~~~^~~[m[K
gmake[2]: *** [CMakeFiles/stonefish_ros2_interface.dir/build.make:132: CMakeFiles/stonefish_ros2_interface.dir/src/stonefish_ros2/ROS2Interface.cpp.o] Error 1
gmake[2]: *** Waiting for unfinished jobs....
gmake[1]: *** [CMakeFiles/Makefile2:597: CMakeFiles/stonefish_ros2_interface.dir/all] Error 2
gmake: *** [Makefile:146: all] Error 2
