[0.063s] Invoking command in '/home/apenchu/hobi/ros2_ws/src/build/stonefish_ros2': CMAKE_PREFIX_PATH=/opt/ros/humble /usr/bin/cmake /home/apenchu/hobi/ros2_ws/src/stonefish_ros2 -DCMAKE_INSTALL_PREFIX=/home/apenchu/hobi/ros2_ws/src/install/stonefish_ros2
[0.150s] -- The C compiler identification is GNU 13.1.0
[0.220s] -- The CXX compiler identification is GNU 13.1.0
[0.232s] -- Detecting C compiler ABI info
[0.313s] -- Detecting C compiler ABI info - done
[0.322s] -- Check for working C compiler: /usr/bin/cc - skipped
[0.322s] -- Detecting C compile features
[0.323s] -- Detecting C compile features - done
[0.327s] -- Detecting CXX compiler ABI info
[0.421s] -- Detecting CXX compiler ABI info - done
[0.431s] -- Check for working CXX compiler: /usr/bin/c++ - skipped
[0.431s] -- Detecting CXX compile features
[0.431s] -- Detecting CXX compile features - done
[0.438s] -- Found ament_cmake: 1.3.12 (/opt/ros/humble/share/ament_cmake/cmake)
[0.619s] -- Found Python3: /usr/bin/python3 (found version "3.10.12") found components: Interpreter 
[0.730s] -- Found rclcpp: 16.0.16 (/opt/ros/humble/share/rclcpp/cmake)
[0.788s] -- Found rosidl_generator_c: 3.1.7 (/opt/ros/humble/share/rosidl_generator_c/cmake)
[0.794s] -- Found rosidl_adapter: 3.1.7 (/opt/ros/humble/share/rosidl_adapter/cmake)
[0.805s] -- Found rosidl_generator_cpp: 3.1.7 (/opt/ros/humble/share/rosidl_generator_cpp/cmake)
[0.823s] -- Using all available rosidl_typesupport_c: rosidl_typesupport_fastrtps_c;rosidl_typesupport_introspection_c
[0.847s] -- Using all available rosidl_typesupport_cpp: rosidl_typesupport_fastrtps_cpp;rosidl_typesupport_introspection_cpp
[0.900s] -- Found rmw_implementation_cmake: 6.1.2 (/opt/ros/humble/share/rmw_implementation_cmake/cmake)
[0.903s] -- Found rmw_fastrtps_cpp: 6.2.9 (/opt/ros/humble/share/rmw_fastrtps_cpp/cmake)
[1.011s] -- Found OpenSSL: /usr/lib/x86_64-linux-gnu/libcrypto.so (found version "3.0.2")  
[1.048s] -- Found FastRTPS: /opt/ros/humble/include  
[1.099s] -- Using RMW implementation 'rmw_fastrtps_cpp' as default
[1.110s] -- Looking for pthread.h
[1.198s] -- Looking for pthread.h - found
[1.199s] -- Performing Test CMAKE_HAVE_LIBC_PTHREAD
[1.285s] -- Performing Test CMAKE_HAVE_LIBC_PTHREAD - Success
[1.286s] -- Found Threads: TRUE  
[1.368s] -- Found std_srvs: 4.9.0 (/opt/ros/humble/share/std_srvs/cmake)
[1.384s] -- Found geometry_msgs: 4.9.0 (/opt/ros/humble/share/geometry_msgs/cmake)
[1.404s] -- Found nav_msgs: 4.9.0 (/opt/ros/humble/share/nav_msgs/cmake)
[1.429s] -- Found sensor_msgs: 4.9.0 (/opt/ros/humble/share/sensor_msgs/cmake)
[1.452s] -- Found visualization_msgs: 4.9.0 (/opt/ros/humble/share/visualization_msgs/cmake)
[1.477s] -- Found rosidl_default_generators: 1.2.0 (/opt/ros/humble/share/rosidl_default_generators/cmake)
[1.488s] -- Found pcl_conversions: 2.4.5 (/opt/ros/humble/share/pcl_conversions/cmake)
[1.539s] -- Checking for module 'eigen3'
[1.554s] --   Found eigen3, version 3.4.0
[1.591s] -- Found Eigen: /usr/include/eigen3 (Required is at least version "3.1") 
[1.591s] -- Eigen found (include: /usr/include/eigen3, version: 3.4.0)
[1.640s] -- Checking for module 'flann'
[1.654s] --   Found flann, version 1.9.1
[1.699s] -- Found FLANN: /usr/lib/x86_64-linux-gnu/libflann_cpp.so  
[1.699s] -- FLANN found (include: /usr/include, lib: /usr/lib/x86_64-linux-gnu/libflann_cpp.so)
[2.874s] -- Checking for module 'libusb-1.0'
[2.889s] --   Found libusb-1.0, version 1.0.25
[2.930s] -- Found libusb: /usr/lib/x86_64-linux-gnu/libusb-1.0.so  
[2.931s] -- OpenNI found (version: 1.5.4.0, include: /usr/include/ni, lib: /usr/lib/libOpenNI.so;libusb::libusb)
[3.004s] -- OpenNI2 found (version: 2.2.0.33, include: /usr/include/openni2, lib: /usr/lib/x86_64-linux-gnu/libOpenNI2.so;libusb::libusb)
[3.174s] -- Eigen found (include: /usr/include/eigen3, version: 3.4.0)
[3.182s] -- OpenNI found (version: 1.5.4.0, include: /usr/include/ni, lib: /usr/lib/libOpenNI.so;libusb::libusb)
[3.189s] -- OpenNI2 found (version: 2.2.0.33, include: /usr/include/openni2, lib: /usr/lib/x86_64-linux-gnu/libOpenNI2.so;libusb::libusb)
[3.417s] -- Found Qhull version 8.0.2
[3.608s] -- OpenNI found (version: 1.5.4.0, include: /usr/include/ni, lib: /usr/lib/libOpenNI.so;libusb::libusb)
[3.769s] -- Found PCL_COMMON: /usr/lib/x86_64-linux-gnu/libpcl_common.so  
[3.770s] -- Found PCL_KDTREE: /usr/lib/x86_64-linux-gnu/libpcl_kdtree.so  
[3.771s] -- Found PCL_OCTREE: /usr/lib/x86_64-linux-gnu/libpcl_octree.so  
[3.772s] -- Found PCL_SEARCH: /usr/lib/x86_64-linux-gnu/libpcl_search.so  
[3.773s] -- Found PCL_SAMPLE_CONSENSUS: /usr/lib/x86_64-linux-gnu/libpcl_sample_consensus.so  
[3.774s] -- Found PCL_FILTERS: /usr/lib/x86_64-linux-gnu/libpcl_filters.so  
[3.774s] -- Found PCL_2D: /usr/include/pcl-1.12  
[3.775s] -- Found PCL_GEOMETRY: /usr/include/pcl-1.12  
[3.776s] -- Found PCL_IO: /usr/lib/x86_64-linux-gnu/libpcl_io.so  
[3.777s] -- Found PCL_FEATURES: /usr/lib/x86_64-linux-gnu/libpcl_features.so  
[3.778s] -- Found PCL_ML: /usr/lib/x86_64-linux-gnu/libpcl_ml.so  
[3.780s] -- Found PCL_SEGMENTATION: /usr/lib/x86_64-linux-gnu/libpcl_segmentation.so  
[3.781s] -- Found PCL_VISUALIZATION: /usr/lib/x86_64-linux-gnu/libpcl_visualization.so  
[3.782s] -- Found PCL_SURFACE: /usr/lib/x86_64-linux-gnu/libpcl_surface.so  
[3.783s] -- Found PCL_REGISTRATION: /usr/lib/x86_64-linux-gnu/libpcl_registration.so  
[3.784s] -- Found PCL_KEYPOINTS: /usr/lib/x86_64-linux-gnu/libpcl_keypoints.so  
[3.785s] -- Found PCL_TRACKING: /usr/lib/x86_64-linux-gnu/libpcl_tracking.so  
[3.787s] -- Found PCL_RECOGNITION: /usr/lib/x86_64-linux-gnu/libpcl_recognition.so  
[3.788s] -- Found PCL_STEREO: /usr/lib/x86_64-linux-gnu/libpcl_stereo.so  
[3.790s] -- Found PCL_APPS: /usr/lib/x86_64-linux-gnu/libpcl_apps.so  
[3.791s] -- Found PCL_IN_HAND_SCANNER: /usr/include/pcl-1.12  
[3.792s] -- Found PCL_MODELER: /usr/include/pcl-1.12  
[3.853s] -- Found PCL_POINT_CLOUD_EDITOR: /usr/include/pcl-1.12  
[3.855s] -- Found PCL_OUTOFCORE: /usr/lib/x86_64-linux-gnu/libpcl_outofcore.so  
[3.857s] -- Found PCL_PEOPLE: /usr/lib/x86_64-linux-gnu/libpcl_people.so  
[3.869s] -- Found image_transport: 3.1.12 (/opt/ros/humble/share/image_transport/cmake)
[3.935s] -- Found tf2: 0.25.17 (/opt/ros/humble/share/tf2/cmake)
[3.942s] -- Found tf2_ros: 0.25.17 (/opt/ros/humble/share/tf2_ros/cmake)
[4.065s] -- Found OpenGL: /usr/lib/x86_64-linux-gnu/libOpenGL.so   
[4.073s] -- Found Freetype: /usr/lib/x86_64-linux-gnu/libfreetype.so (found version "2.11.1") 
[4.372s] -- Found OpenMP_C: -fopenmp (found version "4.5") 
[4.544s] -- Found OpenMP_CXX: -fopenmp (found version "4.5") 
[4.545s] -- Found OpenMP: TRUE (found version "4.5")  
[5.093s] -- Found ament_cmake_ros: 0.10.0 (/opt/ros/humble/share/ament_cmake_ros/cmake)
[5.610s] -- Using all available rosidl_typesupport_c: rosidl_typesupport_fastrtps_c;rosidl_typesupport_introspection_c
[5.812s] -- Using all available rosidl_typesupport_cpp: rosidl_typesupport_fastrtps_cpp;rosidl_typesupport_introspection_cpp
[5.841s] -- Found PythonInterp: /usr/bin/python3 (found suitable version "3.10.12", minimum required is "3.6") 
[5.844s] -- Found python_cmake_module: 0.10.0 (/opt/ros/humble/share/python_cmake_module/cmake)
[5.878s] -- Found PythonLibs: /usr/lib/x86_64-linux-gnu/libpython3.10.so (found suitable version "3.10.12", minimum required is "3.5") 
[5.878s] -- Using PYTHON_EXECUTABLE: /usr/bin/python3
[5.878s] -- Using PYTHON_INCLUDE_DIRS: /usr/include/python3.10
[5.879s] -- Using PYTHON_LIBRARIES: /usr/lib/x86_64-linux-gnu/libpython3.10.so
[5.903s] -- Found PythonExtra: .so  
[5.990s] [33mCMake Warning (dev) at CMakeLists.txt:45 (find_package):
[5.990s]   Policy CMP0074 is not set: find_package uses <PackageName>_ROOT variables.
[5.990s]   Run "cmake --help-policy CMP0074" for policy details.  Use the cmake_policy
[5.991s]   command to set the policy and suppress this warning.
[5.991s] 
[5.991s]   CMake variable PCL_ROOT is set to:
[5.991s] 
[5.991s]     /usr
[5.991s] 
[5.991s]   For compatibility, CMake is ignoring the variable.
[5.991s] This warning is for project developers.  Use -Wno-dev to suppress it.
[5.992s] [0m
[6.015s] -- Found ament_lint_auto: 0.12.14 (/opt/ros/humble/share/ament_lint_auto/cmake)
[6.050s] -- Added test 'cppcheck' to perform static code analysis on C / C++ code
[6.051s] -- Configured cppcheck include dirs: $<BUILD_INTERFACE:/home/apenchu/hobi/ros2_ws/src/stonefish_ros2/include>
[6.051s] -- Configured cppcheck exclude dirs and/or files: 
[6.053s] -- Added test 'flake8' to check Python code syntax and style conventions
[6.055s] -- Added test 'lint_cmake' to check CMake code style
[6.056s] -- Added test 'pep257' to check Python code against some of the docstring style conventions in PEP 257
[6.062s] -- Added test 'uncrustify' to check C / C++ code style
[6.062s] -- Configured uncrustify additional arguments: 
[6.063s] -- Added test 'xmllint' to check XML markup files
[6.067s] -- Configuring done
[6.561s] -- Generating done
[6.601s] -- Build files have been written to: /home/apenchu/hobi/ros2_ws/src/build/stonefish_ros2
[6.632s] Invoked command in '/home/apenchu/hobi/ros2_ws/src/build/stonefish_ros2' returned '0': CMAKE_PREFIX_PATH=/opt/ros/humble /usr/bin/cmake /home/apenchu/hobi/ros2_ws/src/stonefish_ros2 -DCMAKE_INSTALL_PREFIX=/home/apenchu/hobi/ros2_ws/src/install/stonefish_ros2
[6.636s] Invoking command in '/home/apenchu/hobi/ros2_ws/src/build/stonefish_ros2': CMAKE_PREFIX_PATH=/opt/ros/humble /usr/bin/cmake --build /home/apenchu/hobi/ros2_ws/src/build/stonefish_ros2 -- -j8 -l8
[6.697s] [  1%] [34m[1mGenerating C code for ROS interfaces[0m
[6.709s] [  1%] [34m[1mGenerating C++ code for ROS interfaces[0m
[6.718s] [  1%] Built target ament_cmake_python_copy_stonefish_ros2
[7.072s] running egg_info
[7.073s] creating stonefish_ros2.egg-info
[7.073s] writing stonefish_ros2.egg-info/PKG-INFO
[7.073s] writing dependency_links to stonefish_ros2.egg-info/dependency_links.txt
[7.073s] writing top-level names to stonefish_ros2.egg-info/top_level.txt
[7.074s] writing manifest file 'stonefish_ros2.egg-info/SOURCES.txt'
[7.077s] reading manifest file 'stonefish_ros2.egg-info/SOURCES.txt'
[7.078s] writing manifest file 'stonefish_ros2.egg-info/SOURCES.txt'
[7.111s] [  1%] Built target ament_cmake_python_build_stonefish_ros2_egg
[8.335s] [  1%] [32mBuilding C object CMakeFiles/stonefish_ros2__rosidl_generator_c.dir/rosidl_generator_c/stonefish_ros2/msg/detail/int32_stamped__functions.c.o[0m
[8.342s] [  2%] [32mBuilding C object CMakeFiles/stonefish_ros2__rosidl_generator_c.dir/rosidl_generator_c/stonefish_ros2/msg/detail/beacon_info__functions.c.o[0m
[8.345s] [  3%] [32mBuilding C object CMakeFiles/stonefish_ros2__rosidl_generator_c.dir/rosidl_generator_c/stonefish_ros2/msg/detail/ned_pose__functions.c.o[0m
[8.349s] [  4%] [32mBuilding C object CMakeFiles/stonefish_ros2__rosidl_generator_c.dir/rosidl_generator_c/stonefish_ros2/msg/detail/ins__functions.c.o[0m
[8.360s] [  4%] [32mBuilding C object CMakeFiles/stonefish_ros2__rosidl_generator_c.dir/rosidl_generator_c/stonefish_ros2/msg/detail/dvl_beam__functions.c.o[0m
[8.363s] [  5%] [32mBuilding C object CMakeFiles/stonefish_ros2__rosidl_generator_c.dir/rosidl_generator_c/stonefish_ros2/msg/detail/dvl__functions.c.o[0m
[8.372s] [  6%] [32mBuilding C object CMakeFiles/stonefish_ros2__rosidl_generator_c.dir/rosidl_generator_c/stonefish_ros2/msg/detail/thruster_state__functions.c.o[0m
[8.511s] [  7%] [32mBuilding C object CMakeFiles/stonefish_ros2__rosidl_generator_c.dir/rosidl_generator_c/stonefish_ros2/msg/detail/debug_physics__functions.c.o[0m
[8.515s] [  7%] [32mBuilding C object CMakeFiles/stonefish_ros2__rosidl_generator_c.dir/rosidl_generator_c/stonefish_ros2/msg/detail/event__functions.c.o[0m
[8.516s] [  8%] [32mBuilding C object CMakeFiles/stonefish_ros2__rosidl_generator_c.dir/rosidl_generator_c/stonefish_ros2/msg/detail/event_array__functions.c.o[0m
[8.520s] [  9%] [32mBuilding C object CMakeFiles/stonefish_ros2__rosidl_generator_c.dir/rosidl_generator_c/stonefish_ros2/srv/detail/sonar_settings__functions.c.o[0m
[8.524s] [  9%] [32mBuilding C object CMakeFiles/stonefish_ros2__rosidl_generator_c.dir/rosidl_generator_c/stonefish_ros2/srv/detail/sonar_settings2__functions.c.o[0m
[8.530s] [ 10%] [32mBuilding C object CMakeFiles/stonefish_ros2__rosidl_generator_c.dir/rosidl_generator_c/stonefish_ros2/srv/detail/respawn__functions.c.o[0m
[8.588s] [ 10%] Built target stonefish_ros2__cpp
[8.611s] [ 10%] [34m[1mGenerating C++ type support dispatch for ROS interfaces[0m
[8.612s] [ 11%] [34m[1mGenerating C++ type support for eProsima Fast-RTPS[0m
[8.624s] [ 12%] [34m[1mGenerating C++ introspection for ROS interfaces[0m
[8.660s] [ 13%] [32m[1mLinking C shared library libstonefish_ros2__rosidl_generator_c.so[0m
[8.724s] [ 13%] Built target stonefish_ros2__rosidl_generator_c
[8.745s] [ 16%] [34m[1mGenerating C type support dispatch for ROS interfaces[0m
[8.745s] [ 16%] [34m[1mGenerating C type support for eProsima Fast-RTPS[0m
[8.745s] [ 16%] [34m[1mGenerating C introspection for ROS interfaces[0m
[9.981s] [ 17%] [32mBuilding CXX object CMakeFiles/stonefish_ros2__rosidl_typesupport_cpp.dir/rosidl_typesupport_cpp/stonefish_ros2/msg/int32_stamped__type_support.cpp.o[0m
[9.983s] [ 17%] [32mBuilding CXX object CMakeFiles/stonefish_ros2__rosidl_typesupport_cpp.dir/rosidl_typesupport_cpp/stonefish_ros2/msg/ned_pose__type_support.cpp.o[0m
[9.983s] [ 18%] [32mBuilding CXX object CMakeFiles/stonefish_ros2__rosidl_typesupport_cpp.dir/rosidl_typesupport_cpp/stonefish_ros2/msg/beacon_info__type_support.cpp.o[0m
[10.111s] [ 19%] [32mBuilding CXX object CMakeFiles/stonefish_ros2__rosidl_typesupport_c.dir/rosidl_typesupport_c/stonefish_ros2/msg/int32_stamped__type_support.cpp.o[0m
[10.181s] [ 19%] [32mBuilding CXX object CMakeFiles/stonefish_ros2__rosidl_typesupport_c.dir/rosidl_typesupport_c/stonefish_ros2/msg/beacon_info__type_support.cpp.o[0m
[10.265s] [ 20%] [32mBuilding CXX object CMakeFiles/stonefish_ros2__rosidl_typesupport_c.dir/rosidl_typesupport_c/stonefish_ros2/msg/ned_pose__type_support.cpp.o[0m
[10.342s] [ 21%] [32mBuilding CXX object CMakeFiles/stonefish_ros2__rosidl_typesupport_c.dir/rosidl_typesupport_c/stonefish_ros2/msg/ins__type_support.cpp.o[0m
[10.434s] [ 22%] [32mBuilding CXX object CMakeFiles/stonefish_ros2__rosidl_typesupport_c.dir/rosidl_typesupport_c/stonefish_ros2/msg/dvl_beam__type_support.cpp.o[0m
[10.517s] [ 22%] [32mBuilding CXX object CMakeFiles/stonefish_ros2__rosidl_typesupport_c.dir/rosidl_typesupport_c/stonefish_ros2/msg/dvl__type_support.cpp.o[0m
[10.598s] [ 23%] [32mBuilding CXX object CMakeFiles/stonefish_ros2__rosidl_typesupport_c.dir/rosidl_typesupport_c/stonefish_ros2/msg/thruster_state__type_support.cpp.o[0m
[10.665s] [ 24%] [32mBuilding CXX object CMakeFiles/stonefish_ros2__rosidl_typesupport_c.dir/rosidl_typesupport_c/stonefish_ros2/msg/debug_physics__type_support.cpp.o[0m
[10.702s] [ 24%] [32mBuilding CXX object CMakeFiles/stonefish_ros2__rosidl_typesupport_c.dir/rosidl_typesupport_c/stonefish_ros2/msg/event__type_support.cpp.o[0m
[10.734s] [ 25%] [32mBuilding CXX object CMakeFiles/stonefish_ros2__rosidl_typesupport_cpp.dir/rosidl_typesupport_cpp/stonefish_ros2/msg/ins__type_support.cpp.o[0m
[10.780s] [ 26%] [32mBuilding CXX object CMakeFiles/stonefish_ros2__rosidl_typesupport_c.dir/rosidl_typesupport_c/stonefish_ros2/msg/event_array__type_support.cpp.o[0m
[10.804s] [ 27%] [32mBuilding CXX object CMakeFiles/stonefish_ros2__rosidl_typesupport_c.dir/rosidl_typesupport_c/stonefish_ros2/srv/sonar_settings__type_support.cpp.o[0m
[10.817s] [ 28%] [32mBuilding CXX object CMakeFiles/stonefish_ros2__rosidl_typesupport_cpp.dir/rosidl_typesupport_cpp/stonefish_ros2/msg/dvl_beam__type_support.cpp.o[0m
[10.870s] [ 29%] [32mBuilding CXX object CMakeFiles/stonefish_ros2__rosidl_typesupport_cpp.dir/rosidl_typesupport_cpp/stonefish_ros2/msg/dvl__type_support.cpp.o[0m
[10.895s] [ 30%] [32mBuilding CXX object CMakeFiles/stonefish_ros2__rosidl_typesupport_c.dir/rosidl_typesupport_c/stonefish_ros2/srv/sonar_settings2__type_support.cpp.o[0m
[11.023s] [ 30%] [32mBuilding CXX object CMakeFiles/stonefish_ros2__rosidl_typesupport_c.dir/rosidl_typesupport_c/stonefish_ros2/srv/respawn__type_support.cpp.o[0m
[11.104s] [ 31%] [32mBuilding CXX object CMakeFiles/stonefish_ros2__rosidl_typesupport_introspection_cpp.dir/rosidl_typesupport_introspection_cpp/stonefish_ros2/msg/detail/int32_stamped__type_support.cpp.o[0m
[11.144s] [ 32%] [32m[1mLinking CXX shared library libstonefish_ros2__rosidl_typesupport_c.so[0m
[11.275s] [ 32%] Built target stonefish_ros2__rosidl_typesupport_c
[11.306s] [ 32%] [32mBuilding CXX object CMakeFiles/stonefish_ros2__rosidl_typesupport_cpp.dir/rosidl_typesupport_cpp/stonefish_ros2/msg/thruster_state__type_support.cpp.o[0m
[11.361s] [ 32%] [32mBuilding C object CMakeFiles/stonefish_ros2__rosidl_typesupport_introspection_c.dir/rosidl_typesupport_introspection_c/stonefish_ros2/msg/detail/int32_stamped__type_support.c.o[0m
[11.456s] [ 33%] [32mBuilding C object CMakeFiles/stonefish_ros2__rosidl_typesupport_introspection_c.dir/rosidl_typesupport_introspection_c/stonefish_ros2/msg/detail/beacon_info__type_support.c.o[0m
[11.586s] [ 34%] [32mBuilding C object CMakeFiles/stonefish_ros2__rosidl_typesupport_introspection_c.dir/rosidl_typesupport_introspection_c/stonefish_ros2/msg/detail/ned_pose__type_support.c.o[0m
[11.608s] [ 34%] [32mBuilding CXX object CMakeFiles/stonefish_ros2__rosidl_typesupport_fastrtps_cpp.dir/rosidl_typesupport_fastrtps_cpp/stonefish_ros2/msg/detail/dds_fastrtps/int32_stamped__type_support.cpp.o[0m
[11.634s] [ 35%] [32mBuilding CXX object CMakeFiles/stonefish_ros2__rosidl_typesupport_fastrtps_cpp.dir/rosidl_typesupport_fastrtps_cpp/stonefish_ros2/msg/detail/dds_fastrtps/beacon_info__type_support.cpp.o[0m
[11.666s] [ 35%] [32mBuilding C object CMakeFiles/stonefish_ros2__rosidl_typesupport_introspection_c.dir/rosidl_typesupport_introspection_c/stonefish_ros2/msg/detail/ins__type_support.c.o[0m
[11.667s] [ 36%] [32mBuilding CXX object CMakeFiles/stonefish_ros2__rosidl_typesupport_fastrtps_c.dir/rosidl_typesupport_fastrtps_c/stonefish_ros2/msg/detail/int32_stamped__type_support_c.cpp.o[0m
[11.728s] [ 37%] [32mBuilding CXX object CMakeFiles/stonefish_ros2__rosidl_typesupport_fastrtps_c.dir/rosidl_typesupport_fastrtps_c/stonefish_ros2/msg/detail/beacon_info__type_support_c.cpp.o[0m
[11.742s] [ 37%] [32mBuilding CXX object CMakeFiles/stonefish_ros2__rosidl_typesupport_introspection_cpp.dir/rosidl_typesupport_introspection_cpp/stonefish_ros2/msg/detail/beacon_info__type_support.cpp.o[0m
[11.805s] [ 38%] [32mBuilding C object CMakeFiles/stonefish_ros2__rosidl_typesupport_introspection_c.dir/rosidl_typesupport_introspection_c/stonefish_ros2/msg/detail/dvl_beam__type_support.c.o[0m
[12.070s] [ 39%] [32mBuilding C object CMakeFiles/stonefish_ros2__rosidl_typesupport_introspection_c.dir/rosidl_typesupport_introspection_c/stonefish_ros2/msg/detail/dvl__type_support.c.o[0m
[12.196s] [ 39%] [32mBuilding CXX object CMakeFiles/stonefish_ros2__rosidl_typesupport_fastrtps_c.dir/rosidl_typesupport_fastrtps_c/stonefish_ros2/msg/detail/ned_pose__type_support_c.cpp.o[0m
[12.327s] [ 40%] [32mBuilding C object CMakeFiles/stonefish_ros2__rosidl_typesupport_introspection_c.dir/rosidl_typesupport_introspection_c/stonefish_ros2/msg/detail/thruster_state__type_support.c.o[0m
[12.351s] [ 41%] [32mBuilding CXX object CMakeFiles/stonefish_ros2__rosidl_typesupport_cpp.dir/rosidl_typesupport_cpp/stonefish_ros2/msg/debug_physics__type_support.cpp.o[0m
[12.441s] [ 41%] [32mBuilding C object CMakeFiles/stonefish_ros2__rosidl_typesupport_introspection_c.dir/rosidl_typesupport_introspection_c/stonefish_ros2/msg/detail/debug_physics__type_support.c.o[0m
[12.527s] [ 42%] [32mBuilding C object CMakeFiles/stonefish_ros2__rosidl_typesupport_introspection_c.dir/rosidl_typesupport_introspection_c/stonefish_ros2/msg/detail/event__type_support.c.o[0m
[12.609s] [ 44%] [32mBuilding C object CMakeFiles/stonefish_ros2__rosidl_typesupport_introspection_c.dir/rosidl_typesupport_introspection_c/stonefish_ros2/msg/detail/event_array__type_support.c.o[0m
[12.610s] [ 44%] [32mBuilding CXX object CMakeFiles/stonefish_ros2__rosidl_typesupport_fastrtps_cpp.dir/rosidl_typesupport_fastrtps_cpp/stonefish_ros2/msg/detail/dds_fastrtps/ned_pose__type_support.cpp.o[0m
[12.637s] [ 45%] [32mBuilding CXX object CMakeFiles/stonefish_ros2__rosidl_typesupport_introspection_cpp.dir/rosidl_typesupport_introspection_cpp/stonefish_ros2/msg/detail/ned_pose__type_support.cpp.o[0m
[12.698s] [ 46%] [32mBuilding C object CMakeFiles/stonefish_ros2__rosidl_typesupport_introspection_c.dir/rosidl_typesupport_introspection_c/stonefish_ros2/srv/detail/sonar_settings__type_support.c.o[0m
[12.706s] [ 47%] [32mBuilding CXX object CMakeFiles/stonefish_ros2__rosidl_typesupport_fastrtps_cpp.dir/rosidl_typesupport_fastrtps_cpp/stonefish_ros2/msg/detail/dds_fastrtps/ins__type_support.cpp.o[0m
[12.757s] [ 48%] [32mBuilding CXX object CMakeFiles/stonefish_ros2__rosidl_typesupport_cpp.dir/rosidl_typesupport_cpp/stonefish_ros2/msg/event__type_support.cpp.o[0m
[12.776s] [ 48%] [32mBuilding C object CMakeFiles/stonefish_ros2__rosidl_typesupport_introspection_c.dir/rosidl_typesupport_introspection_c/stonefish_ros2/srv/detail/sonar_settings2__type_support.c.o[0m
[12.853s] [ 49%] [32mBuilding C object CMakeFiles/stonefish_ros2__rosidl_typesupport_introspection_c.dir/rosidl_typesupport_introspection_c/stonefish_ros2/srv/detail/respawn__type_support.c.o[0m
[12.951s] [ 50%] [32m[1mLinking C shared library libstonefish_ros2__rosidl_typesupport_introspection_c.so[0m
[13.042s] [ 51%] [32mBuilding CXX object CMakeFiles/stonefish_ros2__rosidl_typesupport_cpp.dir/rosidl_typesupport_cpp/stonefish_ros2/msg/event_array__type_support.cpp.o[0m
[13.052s] [ 51%] Built target stonefish_ros2__rosidl_typesupport_introspection_c
[13.072s] [ 51%] [32mBuilding CXX object CMakeFiles/stonefish_ros2__rosidl_typesupport_fastrtps_cpp.dir/rosidl_typesupport_fastrtps_cpp/stonefish_ros2/msg/detail/dds_fastrtps/dvl_beam__type_support.cpp.o[0m
[13.074s] [ 52%] [32mBuilding CXX object CMakeFiles/stonefish_ros2__rosidl_typesupport_introspection_cpp.dir/rosidl_typesupport_introspection_cpp/stonefish_ros2/msg/detail/ins__type_support.cpp.o[0m
[13.084s] [ 53%] [32mBuilding CXX object CMakeFiles/stonefish_ros2__rosidl_typesupport_fastrtps_c.dir/rosidl_typesupport_fastrtps_c/stonefish_ros2/msg/detail/ins__type_support_c.cpp.o[0m
[13.437s] [ 54%] [32mBuilding CXX object CMakeFiles/stonefish_ros2__rosidl_typesupport_fastrtps_c.dir/rosidl_typesupport_fastrtps_c/stonefish_ros2/msg/detail/dvl_beam__type_support_c.cpp.o[0m
[13.438s] [ 54%] [32mBuilding CXX object CMakeFiles/stonefish_ros2__rosidl_typesupport_cpp.dir/rosidl_typesupport_cpp/stonefish_ros2/srv/sonar_settings__type_support.cpp.o[0m
[13.575s] [ 55%] [32mBuilding CXX object CMakeFiles/stonefish_ros2__rosidl_typesupport_fastrtps_c.dir/rosidl_typesupport_fastrtps_c/stonefish_ros2/msg/detail/dvl__type_support_c.cpp.o[0m
[13.736s] [ 55%] [32mBuilding CXX object CMakeFiles/stonefish_ros2__rosidl_typesupport_fastrtps_c.dir/rosidl_typesupport_fastrtps_c/stonefish_ros2/msg/detail/thruster_state__type_support_c.cpp.o[0m
[13.743s] [ 56%] [32mBuilding CXX object CMakeFiles/stonefish_ros2__rosidl_typesupport_fastrtps_c.dir/rosidl_typesupport_fastrtps_c/stonefish_ros2/msg/detail/debug_physics__type_support_c.cpp.o[0m
[13.934s] [ 57%] [32mBuilding CXX object CMakeFiles/stonefish_ros2__rosidl_typesupport_introspection_cpp.dir/rosidl_typesupport_introspection_cpp/stonefish_ros2/msg/detail/dvl_beam__type_support.cpp.o[0m
[13.961s] [ 58%] [32mBuilding CXX object CMakeFiles/stonefish_ros2__rosidl_typesupport_fastrtps_c.dir/rosidl_typesupport_fastrtps_c/stonefish_ros2/msg/detail/event__type_support_c.cpp.o[0m
[14.088s] [ 59%] [32mBuilding CXX object CMakeFiles/stonefish_ros2__rosidl_typesupport_fastrtps_cpp.dir/rosidl_typesupport_fastrtps_cpp/stonefish_ros2/msg/detail/dds_fastrtps/dvl__type_support.cpp.o[0m
[14.278s] [ 60%] [32mBuilding CXX object CMakeFiles/stonefish_ros2__rosidl_typesupport_cpp.dir/rosidl_typesupport_cpp/stonefish_ros2/srv/sonar_settings2__type_support.cpp.o[0m
[14.385s] [ 61%] [32mBuilding CXX object CMakeFiles/stonefish_ros2__rosidl_typesupport_fastrtps_cpp.dir/rosidl_typesupport_fastrtps_cpp/stonefish_ros2/msg/detail/dds_fastrtps/thruster_state__type_support.cpp.o[0m
[14.410s] [ 61%] [32mBuilding CXX object CMakeFiles/stonefish_ros2__rosidl_typesupport_introspection_cpp.dir/rosidl_typesupport_introspection_cpp/stonefish_ros2/msg/detail/dvl__type_support.cpp.o[0m
[14.631s] [ 62%] [32mBuilding CXX object CMakeFiles/stonefish_ros2__rosidl_typesupport_introspection_cpp.dir/rosidl_typesupport_introspection_cpp/stonefish_ros2/msg/detail/thruster_state__type_support.cpp.o[0m
[14.633s] [ 63%] [32mBuilding CXX object CMakeFiles/stonefish_ros2__rosidl_typesupport_fastrtps_c.dir/rosidl_typesupport_fastrtps_c/stonefish_ros2/msg/detail/event_array__type_support_c.cpp.o[0m
[14.727s] [ 63%] [32mBuilding CXX object CMakeFiles/stonefish_ros2__rosidl_typesupport_fastrtps_c.dir/rosidl_typesupport_fastrtps_c/stonefish_ros2/srv/detail/sonar_settings__type_support_c.cpp.o[0m
[14.799s] [ 63%] [32mBuilding CXX object CMakeFiles/stonefish_ros2__rosidl_typesupport_fastrtps_cpp.dir/rosidl_typesupport_fastrtps_cpp/stonefish_ros2/msg/detail/dds_fastrtps/debug_physics__type_support.cpp.o[0m
[14.959s] [ 64%] [32mBuilding CXX object CMakeFiles/stonefish_ros2__rosidl_typesupport_cpp.dir/rosidl_typesupport_cpp/stonefish_ros2/srv/respawn__type_support.cpp.o[0m
[15.232s] [ 65%] [32mBuilding CXX object CMakeFiles/stonefish_ros2__rosidl_typesupport_introspection_cpp.dir/rosidl_typesupport_introspection_cpp/stonefish_ros2/msg/detail/debug_physics__type_support.cpp.o[0m
[15.316s] [ 66%] [32mBuilding CXX object CMakeFiles/stonefish_ros2__rosidl_typesupport_fastrtps_c.dir/rosidl_typesupport_fastrtps_c/stonefish_ros2/srv/detail/sonar_settings2__type_support_c.cpp.o[0m
[15.487s] [ 67%] [32mBuilding CXX object CMakeFiles/stonefish_ros2__rosidl_typesupport_fastrtps_c.dir/rosidl_typesupport_fastrtps_c/stonefish_ros2/srv/detail/respawn__type_support_c.cpp.o[0m
[15.546s] [ 68%] [32mBuilding CXX object CMakeFiles/stonefish_ros2__rosidl_typesupport_fastrtps_cpp.dir/rosidl_typesupport_fastrtps_cpp/stonefish_ros2/msg/detail/dds_fastrtps/event__type_support.cpp.o[0m
[15.572s] [ 69%] [32mBuilding CXX object CMakeFiles/stonefish_ros2__rosidl_typesupport_fastrtps_cpp.dir/rosidl_typesupport_fastrtps_cpp/stonefish_ros2/msg/detail/dds_fastrtps/event_array__type_support.cpp.o[0m
[15.937s] [ 70%] [32mBuilding CXX object CMakeFiles/stonefish_ros2__rosidl_typesupport_introspection_cpp.dir/rosidl_typesupport_introspection_cpp/stonefish_ros2/msg/detail/event__type_support.cpp.o[0m
[15.938s] [ 70%] [32m[1mLinking CXX shared library libstonefish_ros2__rosidl_typesupport_cpp.so[0m
[15.966s] [ 70%] [32mBuilding CXX object CMakeFiles/stonefish_ros2__rosidl_typesupport_introspection_cpp.dir/rosidl_typesupport_introspection_cpp/stonefish_ros2/msg/detail/event_array__type_support.cpp.o[0m
[16.072s] [ 70%] Built target stonefish_ros2__rosidl_typesupport_cpp
[16.091s] [ 71%] [32mBuilding CXX object CMakeFiles/stonefish_ros2__rosidl_typesupport_fastrtps_cpp.dir/rosidl_typesupport_fastrtps_cpp/stonefish_ros2/srv/detail/dds_fastrtps/sonar_settings__type_support.cpp.o[0m
[16.299s] [ 72%] [32mBuilding CXX object CMakeFiles/stonefish_ros2__rosidl_typesupport_introspection_cpp.dir/rosidl_typesupport_introspection_cpp/stonefish_ros2/srv/detail/sonar_settings__type_support.cpp.o[0m
[16.305s] [ 73%] [32mBuilding CXX object CMakeFiles/stonefish_ros2__rosidl_typesupport_introspection_cpp.dir/rosidl_typesupport_introspection_cpp/stonefish_ros2/srv/detail/sonar_settings2__type_support.cpp.o[0m
[16.721s] [ 73%] [32mBuilding CXX object CMakeFiles/stonefish_ros2__rosidl_typesupport_introspection_cpp.dir/rosidl_typesupport_introspection_cpp/stonefish_ros2/srv/detail/respawn__type_support.cpp.o[0m
[16.734s] [ 73%] [32m[1mLinking CXX shared library libstonefish_ros2__rosidl_typesupport_fastrtps_c.so[0m
[16.775s] [ 74%] [32mBuilding CXX object CMakeFiles/stonefish_ros2_interface.dir/src/stonefish_ros2/ROS2ConsoleSimulationApp.cpp.o[0m
[16.778s] [ 75%] [32mBuilding CXX object CMakeFiles/stonefish_ros2_interface.dir/src/stonefish_ros2/ROS2GraphicalSimulationApp.cpp.o[0m
[16.846s] [ 75%] [32mBuilding CXX object CMakeFiles/stonefish_ros2_interface.dir/src/stonefish_ros2/ROS2SimulationManager.cpp.o[0m
[16.956s] [ 75%] Built target stonefish_ros2__rosidl_typesupport_fastrtps_c
[16.972s] [ 75%] [32mBuilding CXX object CMakeFiles/stonefish_ros2__rosidl_typesupport_fastrtps_cpp.dir/rosidl_typesupport_fastrtps_cpp/stonefish_ros2/srv/detail/dds_fastrtps/sonar_settings2__type_support.cpp.o[0m
[17.128s] [ 76%] [32mBuilding CXX object CMakeFiles/stonefish_ros2_interface.dir/src/stonefish_ros2/ROS2ScenarioParser.cpp.o[0m
[17.222s] [ 77%] [32mBuilding CXX object CMakeFiles/stonefish_ros2_interface.dir/src/stonefish_ros2/ROS2Interface.cpp.o[0m
[17.389s] [ 78%] [32mBuilding CXX object CMakeFiles/stonefish_ros2__rosidl_typesupport_fastrtps_cpp.dir/rosidl_typesupport_fastrtps_cpp/stonefish_ros2/srv/detail/dds_fastrtps/respawn__type_support.cpp.o[0m
[17.485s] [ 79%] [32m[1mLinking CXX shared library libstonefish_ros2__rosidl_typesupport_introspection_cpp.so[0m
[17.657s] [ 79%] Built target stonefish_ros2__rosidl_typesupport_introspection_cpp
[18.371s] [ 80%] [32m[1mLinking CXX shared library libstonefish_ros2__rosidl_typesupport_fastrtps_cpp.so[0m
[18.606s] [ 80%] Built target stonefish_ros2__rosidl_typesupport_fastrtps_cpp
[18.642s] [ 80%] Built target stonefish_ros2
[18.676s] [ 81%] [34m[1mGenerating Python code for ROS interfaces[0m
[24.236s] [ 81%] Built target stonefish_ros2__py
[24.276s] [ 82%] [32mBuilding C object CMakeFiles/stonefish_ros2__rosidl_generator_py.dir/rosidl_generator_py/stonefish_ros2/msg/_ned_pose_s.c.o[0m
[24.277s] [ 83%] [32mBuilding C object CMakeFiles/stonefish_ros2__rosidl_generator_py.dir/rosidl_generator_py/stonefish_ros2/msg/_int32_stamped_s.c.o[0m
[24.278s] [ 83%] [32mBuilding C object CMakeFiles/stonefish_ros2__rosidl_generator_py.dir/rosidl_generator_py/stonefish_ros2/msg/_beacon_info_s.c.o[0m
[24.594s] [ 84%] [32mBuilding C object CMakeFiles/stonefish_ros2__rosidl_generator_py.dir/rosidl_generator_py/stonefish_ros2/msg/_ins_s.c.o[0m
[24.595s] [ 85%] [32mBuilding C object CMakeFiles/stonefish_ros2__rosidl_generator_py.dir/rosidl_generator_py/stonefish_ros2/msg/_dvl_beam_s.c.o[0m
[24.599s] [ 85%] [32mBuilding C object CMakeFiles/stonefish_ros2__rosidl_generator_py.dir/rosidl_generator_py/stonefish_ros2/msg/_dvl_s.c.o[0m
[24.910s] [ 86%] [32mBuilding C object CMakeFiles/stonefish_ros2__rosidl_generator_py.dir/rosidl_generator_py/stonefish_ros2/msg/_thruster_state_s.c.o[0m
[24.919s] [ 86%] [32mBuilding C object CMakeFiles/stonefish_ros2__rosidl_generator_py.dir/rosidl_generator_py/stonefish_ros2/msg/_event_s.c.o[0m
[24.927s] [ 87%] [32mBuilding C object CMakeFiles/stonefish_ros2__rosidl_generator_py.dir/rosidl_generator_py/stonefish_ros2/msg/_debug_physics_s.c.o[0m
[25.280s] [ 88%] [32mBuilding C object CMakeFiles/stonefish_ros2__rosidl_generator_py.dir/rosidl_generator_py/stonefish_ros2/msg/_event_array_s.c.o[0m
[25.281s] [ 89%] [32mBuilding C object CMakeFiles/stonefish_ros2__rosidl_generator_py.dir/rosidl_generator_py/stonefish_ros2/srv/_sonar_settings_s.c.o[0m
[25.303s] [ 90%] [32mBuilding C object CMakeFiles/stonefish_ros2__rosidl_generator_py.dir/rosidl_generator_py/stonefish_ros2/srv/_sonar_settings2_s.c.o[0m
[25.611s] [ 90%] [32mBuilding C object CMakeFiles/stonefish_ros2__rosidl_generator_py.dir/rosidl_generator_py/stonefish_ros2/srv/_respawn_s.c.o[0m
[25.866s] [ 91%] [32m[1mLinking C shared library rosidl_generator_py/stonefish_ros2/libstonefish_ros2__rosidl_generator_py.so[0m
[25.968s] [ 91%] Built target stonefish_ros2__rosidl_generator_py
[26.023s] [ 92%] [32mBuilding C object CMakeFiles/stonefish_ros2__rosidl_typesupport_introspection_c__pyext.dir/rosidl_generator_py/stonefish_ros2/_stonefish_ros2_s.ep.rosidl_typesupport_introspection_c.c.o[0m
[26.027s] [ 93%] [32mBuilding C object CMakeFiles/stonefish_ros2__rosidl_typesupport_fastrtps_c__pyext.dir/rosidl_generator_py/stonefish_ros2/_stonefish_ros2_s.ep.rosidl_typesupport_fastrtps_c.c.o[0m
[26.027s] [ 94%] [32mBuilding C object CMakeFiles/stonefish_ros2__rosidl_typesupport_c__pyext.dir/rosidl_generator_py/stonefish_ros2/_stonefish_ros2_s.ep.rosidl_typesupport_c.c.o[0m
[26.523s] [ 95%] [32m[1mLinking C shared library rosidl_generator_py/stonefish_ros2/stonefish_ros2_s__rosidl_typesupport_c.cpython-310-x86_64-linux-gnu.so[0m
[26.529s] [ 96%] [32m[1mLinking C shared library rosidl_generator_py/stonefish_ros2/stonefish_ros2_s__rosidl_typesupport_fastrtps_c.cpython-310-x86_64-linux-gnu.so[0m
[26.530s] [ 96%] [32m[1mLinking C shared library rosidl_generator_py/stonefish_ros2/stonefish_ros2_s__rosidl_typesupport_introspection_c.cpython-310-x86_64-linux-gnu.so[0m
[26.636s] [ 96%] Built target stonefish_ros2__rosidl_typesupport_introspection_c__pyext
[26.648s] [ 96%] Built target stonefish_ros2__rosidl_typesupport_c__pyext
[26.664s] [ 96%] Built target stonefish_ros2__rosidl_typesupport_fastrtps_c__pyext
[32.064s] [01m[K/home/apenchu/hobi/ros2_ws/src/stonefish_ros2/src/stonefish_ros2/ROS2Interface.cpp:[m[K In member function ‘[01m[Kvoid sf::ROS2Interface::[01;32m[KPublishEventBasedCamera[m[K(rclcpp::PublisherBase::SharedPtr, sf::EventBasedCamera*)[m[K’:
[32.064s] [01m[K/home/apenchu/hobi/ros2_ws/src/stonefish_ros2/src/stonefish_ros2/ROS2Interface.cpp:697:45:[m[K [01;31m[Kerror: [m[Kno match for ‘[01m[Koperator+[m[K’ (operand types are ‘[01m[Kstd_msgs::msg::Header_<std::allocator<void> >::_stamp_type[m[K’ {aka ‘[01m[Kbuiltin_interfaces::msg::Time_<std::allocator<void> >[m[K’} and ‘[01m[Krclcpp::Duration[m[K’)
[32.064s]   697 |         msg.events[i].ts = [32m[Kmsg.header.stamp[m[K [01;31m[K+[m[K rclcpp::[34m[KDuration(0, abs(data[i*2+1]))[m[K;
[32.065s]       |                            [32m[K~~~~~~~~~~~~~~~~[m[K [01;31m[K^[m[K         [34m[K~~~~~~~~~~~~~~~~~~~~~~~~~~~~~[m[K
[32.065s]       |                                       [32m[K|[m[K               [34m[K|[m[K
[32.065s]       |                                       [32m[K|[m[K               [34m[Krclcpp::Duration[m[K
[32.065s]       |                                       [32m[Kstd_msgs::msg::Header_<std::allocator<void> >::_stamp_type {aka builtin_interfaces::msg::Time_<std::allocator<void> >}[m[K
[32.065s] In file included from [01m[K/usr/include/c++/13/bits/stl_algobase.h:67[m[K,
[32.066s]                  from [01m[K/usr/include/c++/13/bits/stl_uninitialized.h:63[m[K,
[32.066s]                  from [01m[K/usr/include/c++/13/memory:69[m[K,
[32.066s]                  from [01m[K/opt/ros/humble/include/rclcpp/rclcpp/rclcpp.hpp:153[m[K,
[32.067s]                  from [01m[K/home/apenchu/hobi/ros2_ws/src/stonefish_ros2/include/stonefish_ros2/ROS2Interface.h:29[m[K,
[32.067s]                  from [01m[K/home/apenchu/hobi/ros2_ws/src/stonefish_ros2/src/stonefish_ros2/ROS2Interface.cpp:26[m[K:
[32.067s] [01m[K/usr/include/c++/13/bits/stl_iterator.h:634:5:[m[K [01;36m[Knote: [m[Kcandidate: ‘[01m[Ktemplate<class _Iterator> constexpr std::reverse_iterator<_IteratorL> std::[01;32m[Koperator+[m[K(typename reverse_iterator<_IteratorL>::difference_type, const reverse_iterator<_IteratorL>&)[m[K’
[32.067s]   634 |     [01;36m[Koperator[m[K+(typename reverse_iterator<_Iterator>::difference_type __n,
[32.067s]       |     [01;36m[K^~~~~~~~[m[K
[32.068s] [01m[K/usr/include/c++/13/bits/stl_iterator.h:634:5:[m[K [01;36m[Knote: [m[K  template argument deduction/substitution failed:
[32.068s] [01m[K/home/apenchu/hobi/ros2_ws/src/stonefish_ros2/src/stonefish_ros2/ROS2Interface.cpp:697:83:[m[K [01;36m[Knote: [m[K  ‘[01m[Krclcpp::Duration[m[K’ is not derived from ‘[01m[Kconst std::reverse_iterator<_IteratorL>[m[K’
[32.068s]   697 |         msg.events[i].ts = msg.header.stamp + rclcpp::Duration(0, abs(data[i*2+1])[01;36m[K)[m[K;
[32.068s]       |                                                                                   [01;36m[K^[m[K
[32.068s] [01m[K/usr/include/c++/13/bits/stl_iterator.h:1808:5:[m[K [01;36m[Knote: [m[Kcandidate: ‘[01m[Ktemplate<class _Iterator> constexpr std::move_iterator<_IteratorL> std::[01;32m[Koperator+[m[K(typename move_iterator<_IteratorL>::difference_type, const move_iterator<_IteratorL>&)[m[K’
[32.068s]  1808 |     [01;36m[Koperator[m[K+(typename move_iterator<_Iterator>::difference_type __n,
[32.068s]       |     [01;36m[K^~~~~~~~[m[K
[32.069s] [01m[K/usr/include/c++/13/bits/stl_iterator.h:1808:5:[m[K [01;36m[Knote: [m[K  template argument deduction/substitution failed:
[32.069s] [01m[K/home/apenchu/hobi/ros2_ws/src/stonefish_ros2/src/stonefish_ros2/ROS2Interface.cpp:697:83:[m[K [01;36m[Knote: [m[K  ‘[01m[Krclcpp::Duration[m[K’ is not derived from ‘[01m[Kconst std::move_iterator<_IteratorL>[m[K’
[32.069s]   697 |         msg.events[i].ts = msg.header.stamp + rclcpp::Duration(0, abs(data[i*2+1])[01;36m[K)[m[K;
[32.069s]       |                                                                                   [01;36m[K^[m[K
[32.069s] In file included from [01m[K/usr/include/c++/13/string:54[m[K,
[32.069s]                  from [01m[K/usr/include/c++/13/bits/locale_classes.h:40[m[K,
[32.069s]                  from [01m[K/usr/include/c++/13/bits/ios_base.h:41[m[K,
[32.069s]                  from [01m[K/usr/include/c++/13/ios:44[m[K,
[32.069s]                  from [01m[K/usr/include/c++/13/ostream:40[m[K,
[32.069s]                  from [01m[K/usr/include/c++/13/bits/unique_ptr.h:42[m[K,
[32.069s]                  from [01m[K/usr/include/c++/13/memory:78[m[K:
[32.070s] [01m[K/usr/include/c++/13/bits/basic_string.h:3541:5:[m[K [01;36m[Knote: [m[Kcandidate: ‘[01m[Ktemplate<class _CharT, class _Traits, class _Alloc> constexpr std::__cxx11::basic_string<_CharT, _Traits, _Allocator> std::[01;32m[Koperator+[m[K(const __cxx11::basic_string<_CharT, _Traits, _Allocator>&, const __cxx11::basic_string<_CharT, _Traits, _Allocator>&)[m[K’
[32.070s]  3541 |     [01;36m[Koperator[m[K+(const basic_string<_CharT, _Traits, _Alloc>& __lhs,
[32.070s]       |     [01;36m[K^~~~~~~~[m[K
[32.070s] [01m[K/usr/include/c++/13/bits/basic_string.h:3541:5:[m[K [01;36m[Knote: [m[K  template argument deduction/substitution failed:
[32.070s] [01m[K/home/apenchu/hobi/ros2_ws/src/stonefish_ros2/src/stonefish_ros2/ROS2Interface.cpp:697:83:[m[K [01;36m[Knote: [m[K  ‘[01m[Kstd_msgs::msg::Header_<std::allocator<void> >::_stamp_type[m[K’ {aka ‘[01m[Kbuiltin_interfaces::msg::Time_<std::allocator<void> >[m[K’} is not derived from ‘[01m[Kconst std::__cxx11::basic_string<_CharT, _Traits, _Allocator>[m[K’
[32.070s]   697 |         msg.events[i].ts = msg.header.stamp + rclcpp::Duration(0, abs(data[i*2+1])[01;36m[K)[m[K;
[32.070s]       |                                                                                   [01;36m[K^[m[K
[32.070s] [01m[K/usr/include/c++/13/bits/basic_string.h:3559:5:[m[K [01;36m[Knote: [m[Kcandidate: ‘[01m[Ktemplate<class _CharT, class _Traits, class _Alloc> constexpr std::__cxx11::basic_string<_CharT, _Traits, _Allocator> std::[01;32m[Koperator+[m[K(const _CharT*, const __cxx11::basic_string<_CharT, _Traits, _Allocator>&)[m[K’
[32.070s]  3559 |     [01;36m[Koperator[m[K+(const _CharT* __lhs,
[32.070s]       |     [01;36m[K^~~~~~~~[m[K
[32.070s] [01m[K/usr/include/c++/13/bits/basic_string.h:3559:5:[m[K [01;36m[Knote: [m[K  template argument deduction/substitution failed:
[32.071s] [01m[K/home/apenchu/hobi/ros2_ws/src/stonefish_ros2/src/stonefish_ros2/ROS2Interface.cpp:697:83:[m[K [01;36m[Knote: [m[K  mismatched types ‘[01m[Kconst _CharT*[m[K’ and ‘[01m[Kbuiltin_interfaces::msg::Time_<std::allocator<void> >[m[K’
[32.071s]   697 |         msg.events[i].ts = msg.header.stamp + rclcpp::Duration(0, abs(data[i*2+1])[01;36m[K)[m[K;
[32.071s]       |                                                                                   [01;36m[K^[m[K
[32.071s] [01m[K/usr/include/c++/13/bits/basic_string.h:3578:5:[m[K [01;36m[Knote: [m[Kcandidate: ‘[01m[Ktemplate<class _CharT, class _Traits, class _Alloc> constexpr std::__cxx11::basic_string<_CharT, _Traits, _Allocator> std::[01;32m[Koperator+[m[K(_CharT, const __cxx11::basic_string<_CharT, _Traits, _Allocator>&)[m[K’
[32.071s]  3578 |     [01;36m[Koperator[m[K+(_CharT __lhs, const basic_string<_CharT,_Traits,_Alloc>& __rhs)
[32.071s]       |     [01;36m[K^~~~~~~~[m[K
[32.071s] [01m[K/usr/include/c++/13/bits/basic_string.h:3578:5:[m[K [01;36m[Knote: [m[K  template argument deduction/substitution failed:
[32.071s] [01m[K/home/apenchu/hobi/ros2_ws/src/stonefish_ros2/src/stonefish_ros2/ROS2Interface.cpp:697:83:[m[K [01;36m[Knote: [m[K  ‘[01m[Krclcpp::Duration[m[K’ is not derived from ‘[01m[Kconst std::__cxx11::basic_string<_CharT, _Traits, _Allocator>[m[K’
[32.071s]   697 |         msg.events[i].ts = msg.header.stamp + rclcpp::Duration(0, abs(data[i*2+1])[01;36m[K)[m[K;
[32.071s]       |                                                                                   [01;36m[K^[m[K
[32.071s] [01m[K/usr/include/c++/13/bits/basic_string.h:3595:5:[m[K [01;36m[Knote: [m[Kcandidate: ‘[01m[Ktemplate<class _CharT, class _Traits, class _Alloc> constexpr std::__cxx11::basic_string<_CharT, _Traits, _Allocator> std::[01;32m[Koperator+[m[K(const __cxx11::basic_string<_CharT, _Traits, _Allocator>&, const _CharT*)[m[K’
[32.071s]  3595 |     [01;36m[Koperator[m[K+(const basic_string<_CharT, _Traits, _Alloc>& __lhs,
[32.071s]       |     [01;36m[K^~~~~~~~[m[K
[32.071s] [01m[K/usr/include/c++/13/bits/basic_string.h:3595:5:[m[K [01;36m[Knote: [m[K  template argument deduction/substitution failed:
[32.072s] [01m[K/home/apenchu/hobi/ros2_ws/src/stonefish_ros2/src/stonefish_ros2/ROS2Interface.cpp:697:83:[m[K [01;36m[Knote: [m[K  ‘[01m[Kstd_msgs::msg::Header_<std::allocator<void> >::_stamp_type[m[K’ {aka ‘[01m[Kbuiltin_interfaces::msg::Time_<std::allocator<void> >[m[K’} is not derived from ‘[01m[Kconst std::__cxx11::basic_string<_CharT, _Traits, _Allocator>[m[K’
[32.072s]   697 |         msg.events[i].ts = msg.header.stamp + rclcpp::Duration(0, abs(data[i*2+1])[01;36m[K)[m[K;
[32.072s]       |                                                                                   [01;36m[K^[m[K
[32.072s] [01m[K/usr/include/c++/13/bits/basic_string.h:3613:5:[m[K [01;36m[Knote: [m[Kcandidate: ‘[01m[Ktemplate<class _CharT, class _Traits, class _Alloc> constexpr std::__cxx11::basic_string<_CharT, _Traits, _Allocator> std::[01;32m[Koperator+[m[K(const __cxx11::basic_string<_CharT, _Traits, _Allocator>&, _CharT)[m[K’
[32.072s]  3613 |     [01;36m[Koperator[m[K+(const basic_string<_CharT, _Traits, _Alloc>& __lhs, _CharT __rhs)
[32.072s]       |     [01;36m[K^~~~~~~~[m[K
[32.072s] [01m[K/usr/include/c++/13/bits/basic_string.h:3613:5:[m[K [01;36m[Knote: [m[K  template argument deduction/substitution failed:
[32.072s] [01m[K/home/apenchu/hobi/ros2_ws/src/stonefish_ros2/src/stonefish_ros2/ROS2Interface.cpp:697:83:[m[K [01;36m[Knote: [m[K  ‘[01m[Kstd_msgs::msg::Header_<std::allocator<void> >::_stamp_type[m[K’ {aka ‘[01m[Kbuiltin_interfaces::msg::Time_<std::allocator<void> >[m[K’} is not derived from ‘[01m[Kconst std::__cxx11::basic_string<_CharT, _Traits, _Allocator>[m[K’
[32.072s]   697 |         msg.events[i].ts = msg.header.stamp + rclcpp::Duration(0, abs(data[i*2+1])[01;36m[K)[m[K;
[32.072s]       |                                                                                   [01;36m[K^[m[K
[32.072s] [01m[K/usr/include/c++/13/bits/basic_string.h:3625:5:[m[K [01;36m[Knote: [m[Kcandidate: ‘[01m[Ktemplate<class _CharT, class _Traits, class _Alloc> constexpr std::__cxx11::basic_string<_CharT, _Traits, _Allocator> std::[01;32m[Koperator+[m[K(__cxx11::basic_string<_CharT, _Traits, _Allocator>&&, const __cxx11::basic_string<_CharT, _Traits, _Allocator>&)[m[K’
[32.072s]  3625 |     [01;36m[Koperator[m[K+(basic_string<_CharT, _Traits, _Alloc>&& __lhs,
[32.073s]       |     [01;36m[K^~~~~~~~[m[K
[32.073s] [01m[K/usr/include/c++/13/bits/basic_string.h:3625:5:[m[K [01;36m[Knote: [m[K  template argument deduction/substitution failed:
[32.073s] [01m[K/home/apenchu/hobi/ros2_ws/src/stonefish_ros2/src/stonefish_ros2/ROS2Interface.cpp:697:83:[m[K [01;36m[Knote: [m[K  ‘[01m[Kstd_msgs::msg::Header_<std::allocator<void> >::_stamp_type[m[K’ {aka ‘[01m[Kbuiltin_interfaces::msg::Time_<std::allocator<void> >[m[K’} is not derived from ‘[01m[Kstd::__cxx11::basic_string<_CharT, _Traits, _Allocator>[m[K’
[32.073s]   697 |         msg.events[i].ts = msg.header.stamp + rclcpp::Duration(0, abs(data[i*2+1])[01;36m[K)[m[K;
[32.073s]       |                                                                                   [01;36m[K^[m[K
[32.073s] [01m[K/usr/include/c++/13/bits/basic_string.h:3632:5:[m[K [01;36m[Knote: [m[Kcandidate: ‘[01m[Ktemplate<class _CharT, class _Traits, class _Alloc> constexpr std::__cxx11::basic_string<_CharT, _Traits, _Allocator> std::[01;32m[Koperator+[m[K(const __cxx11::basic_string<_CharT, _Traits, _Allocator>&, __cxx11::basic_string<_CharT, _Traits, _Allocator>&&)[m[K’
[32.073s]  3632 |     [01;36m[Koperator[m[K+(const basic_string<_CharT, _Traits, _Alloc>& __lhs,
[32.073s]       |     [01;36m[K^~~~~~~~[m[K
[32.073s] [01m[K/usr/include/c++/13/bits/basic_string.h:3632:5:[m[K [01;36m[Knote: [m[K  template argument deduction/substitution failed:
[32.073s] [01m[K/home/apenchu/hobi/ros2_ws/src/stonefish_ros2/src/stonefish_ros2/ROS2Interface.cpp:697:83:[m[K [01;36m[Knote: [m[K  ‘[01m[Kstd_msgs::msg::Header_<std::allocator<void> >::_stamp_type[m[K’ {aka ‘[01m[Kbuiltin_interfaces::msg::Time_<std::allocator<void> >[m[K’} is not derived from ‘[01m[Kconst std::__cxx11::basic_string<_CharT, _Traits, _Allocator>[m[K’
[32.073s]   697 |         msg.events[i].ts = msg.header.stamp + rclcpp::Duration(0, abs(data[i*2+1])[01;36m[K)[m[K;
[32.073s]       |                                                                                   [01;36m[K^[m[K
[32.073s] [01m[K/usr/include/c++/13/bits/basic_string.h:3639:5:[m[K [01;36m[Knote: [m[Kcandidate: ‘[01m[Ktemplate<class _CharT, class _Traits, class _Alloc> constexpr std::__cxx11::basic_string<_CharT, _Traits, _Allocator> std::[01;32m[Koperator+[m[K(__cxx11::basic_string<_CharT, _Traits, _Allocator>&&, __cxx11::basic_string<_CharT, _Traits, _Allocator>&&)[m[K’
[32.073s]  3639 |     [01;36m[Koperator[m[K+(basic_string<_CharT, _Traits, _Alloc>&& __lhs,
[32.073s]       |     [01;36m[K^~~~~~~~[m[K
[32.074s] [01m[K/usr/include/c++/13/bits/basic_string.h:3639:5:[m[K [01;36m[Knote: [m[K  template argument deduction/substitution failed:
[32.074s] [01m[K/home/apenchu/hobi/ros2_ws/src/stonefish_ros2/src/stonefish_ros2/ROS2Interface.cpp:697:83:[m[K [01;36m[Knote: [m[K  ‘[01m[Kstd_msgs::msg::Header_<std::allocator<void> >::_stamp_type[m[K’ {aka ‘[01m[Kbuiltin_interfaces::msg::Time_<std::allocator<void> >[m[K’} is not derived from ‘[01m[Kstd::__cxx11::basic_string<_CharT, _Traits, _Allocator>[m[K’
[32.074s]   697 |         msg.events[i].ts = msg.header.stamp + rclcpp::Duration(0, abs(data[i*2+1])[01;36m[K)[m[K;
[32.074s]       |                                                                                   [01;36m[K^[m[K
[32.074s] [01m[K/usr/include/c++/13/bits/basic_string.h:3662:5:[m[K [01;36m[Knote: [m[Kcandidate: ‘[01m[Ktemplate<class _CharT, class _Traits, class _Alloc> constexpr std::__cxx11::basic_string<_CharT, _Traits, _Allocator> std::[01;32m[Koperator+[m[K(const _CharT*, __cxx11::basic_string<_CharT, _Traits, _Allocator>&&)[m[K’
[32.074s]  3662 |     [01;36m[Koperator[m[K+(const _CharT* __lhs,
[32.074s]       |     [01;36m[K^~~~~~~~[m[K
[32.074s] [01m[K/usr/include/c++/13/bits/basic_string.h:3662:5:[m[K [01;36m[Knote: [m[K  template argument deduction/substitution failed:
[32.074s] [01m[K/home/apenchu/hobi/ros2_ws/src/stonefish_ros2/src/stonefish_ros2/ROS2Interface.cpp:697:83:[m[K [01;36m[Knote: [m[K  mismatched types ‘[01m[Kconst _CharT*[m[K’ and ‘[01m[Kbuiltin_interfaces::msg::Time_<std::allocator<void> >[m[K’
[32.074s]   697 |         msg.events[i].ts = msg.header.stamp + rclcpp::Duration(0, abs(data[i*2+1])[01;36m[K)[m[K;
[32.074s]       |                                                                                   [01;36m[K^[m[K
[32.074s] [01m[K/usr/include/c++/13/bits/basic_string.h:3669:5:[m[K [01;36m[Knote: [m[Kcandidate: ‘[01m[Ktemplate<class _CharT, class _Traits, class _Alloc> constexpr std::__cxx11::basic_string<_CharT, _Traits, _Allocator> std::[01;32m[Koperator+[m[K(_CharT, __cxx11::basic_string<_CharT, _Traits, _Allocator>&&)[m[K’
[32.074s]  3669 |     [01;36m[Koperator[m[K+(_CharT __lhs,
[32.075s]       |     [01;36m[K^~~~~~~~[m[K
[32.075s] [01m[K/usr/include/c++/13/bits/basic_string.h:3669:5:[m[K [01;36m[Knote: [m[K  template argument deduction/substitution failed:
[32.075s] [01m[K/home/apenchu/hobi/ros2_ws/src/stonefish_ros2/src/stonefish_ros2/ROS2Interface.cpp:697:83:[m[K [01;36m[Knote: [m[K  ‘[01m[Krclcpp::Duration[m[K’ is not derived from ‘[01m[Kstd::__cxx11::basic_string<_CharT, _Traits, _Allocator>[m[K’
[32.075s]   697 |         msg.events[i].ts = msg.header.stamp + rclcpp::Duration(0, abs(data[i*2+1])[01;36m[K)[m[K;
[32.075s]       |                                                                                   [01;36m[K^[m[K
[32.075s] [01m[K/usr/include/c++/13/bits/basic_string.h:3676:5:[m[K [01;36m[Knote: [m[Kcandidate: ‘[01m[Ktemplate<class _CharT, class _Traits, class _Alloc> constexpr std::__cxx11::basic_string<_CharT, _Traits, _Allocator> std::[01;32m[Koperator+[m[K(__cxx11::basic_string<_CharT, _Traits, _Allocator>&&, const _CharT*)[m[K’
[32.075s]  3676 |     [01;36m[Koperator[m[K+(basic_string<_CharT, _Traits, _Alloc>&& __lhs,
[32.075s]       |     [01;36m[K^~~~~~~~[m[K
[32.075s] [01m[K/usr/include/c++/13/bits/basic_string.h:3676:5:[m[K [01;36m[Knote: [m[K  template argument deduction/substitution failed:
[32.075s] [01m[K/home/apenchu/hobi/ros2_ws/src/stonefish_ros2/src/stonefish_ros2/ROS2Interface.cpp:697:83:[m[K [01;36m[Knote: [m[K  ‘[01m[Kstd_msgs::msg::Header_<std::allocator<void> >::_stamp_type[m[K’ {aka ‘[01m[Kbuiltin_interfaces::msg::Time_<std::allocator<void> >[m[K’} is not derived from ‘[01m[Kstd::__cxx11::basic_string<_CharT, _Traits, _Allocator>[m[K’
[32.075s]   697 |         msg.events[i].ts = msg.header.stamp + rclcpp::Duration(0, abs(data[i*2+1])[01;36m[K)[m[K;
[32.075s]       |                                                                                   [01;36m[K^[m[K
[32.075s] [01m[K/usr/include/c++/13/bits/basic_string.h:3683:5:[m[K [01;36m[Knote: [m[Kcandidate: ‘[01m[Ktemplate<class _CharT, class _Traits, class _Alloc> constexpr std::__cxx11::basic_string<_CharT, _Traits, _Allocator> std::[01;32m[Koperator+[m[K(__cxx11::basic_string<_CharT, _Traits, _Allocator>&&, _CharT)[m[K’
[32.076s]  3683 |     [01;36m[Koperator[m[K+(basic_string<_CharT, _Traits, _Alloc>&& __lhs,
[32.076s]       |     [01;36m[K^~~~~~~~[m[K
[32.076s] [01m[K/usr/include/c++/13/bits/basic_string.h:3683:5:[m[K [01;36m[Knote: [m[K  template argument deduction/substitution failed:
[32.076s] [01m[K/home/apenchu/hobi/ros2_ws/src/stonefish_ros2/src/stonefish_ros2/ROS2Interface.cpp:697:83:[m[K [01;36m[Knote: [m[K  ‘[01m[Kstd_msgs::msg::Header_<std::allocator<void> >::_stamp_type[m[K’ {aka ‘[01m[Kbuiltin_interfaces::msg::Time_<std::allocator<void> >[m[K’} is not derived from ‘[01m[Kstd::__cxx11::basic_string<_CharT, _Traits, _Allocator>[m[K’
[32.076s]   697 |         msg.events[i].ts = msg.header.stamp + rclcpp::Duration(0, abs(data[i*2+1])[01;36m[K)[m[K;
[32.076s]       |                                                                                   [01;36m[K^[m[K
[32.076s] In file included from [01m[K/usr/include/eigen3/Eigen/Core:50[m[K,
[32.076s]                  from [01m[K/usr/include/eigen3/Eigen/StdVector:14[m[K,
[32.076s]                  from [01m[K/usr/include/pcl-1.12/pcl/point_cloud.h:45[m[K,
[32.076s]                  from [01m[K/home/apenchu/hobi/ros2_ws/src/stonefish_ros2/src/stonefish_ros2/ROS2Interface.cpp:42[m[K:
[32.076s] [01m[K/usr/include/c++/13/complex:335:5:[m[K [01;36m[Knote: [m[Kcandidate: ‘[01m[Ktemplate<class _Tp> constexpr std::complex<_Tp> std::[01;32m[Koperator+[m[K(const complex<_Tp>&, const complex<_Tp>&)[m[K’
[32.076s]   335 |     [01;36m[Koperator[m[K+(const complex<_Tp>& __x, const complex<_Tp>& __y)
[32.076s]       |     [01;36m[K^~~~~~~~[m[K
[32.076s] [01m[K/usr/include/c++/13/complex:335:5:[m[K [01;36m[Knote: [m[K  template argument deduction/substitution failed:
[32.077s] [01m[K/home/apenchu/hobi/ros2_ws/src/stonefish_ros2/src/stonefish_ros2/ROS2Interface.cpp:697:83:[m[K [01;36m[Knote: [m[K  ‘[01m[Kstd_msgs::msg::Header_<std::allocator<void> >::_stamp_type[m[K’ {aka ‘[01m[Kbuiltin_interfaces::msg::Time_<std::allocator<void> >[m[K’} is not derived from ‘[01m[Kconst std::complex<_Tp>[m[K’
[32.077s]   697 |         msg.events[i].ts = msg.header.stamp + rclcpp::Duration(0, abs(data[i*2+1])[01;36m[K)[m[K;
[32.077s]       |                                                                                   [01;36m[K^[m[K
[32.077s] [01m[K/usr/include/c++/13/complex:344:5:[m[K [01;36m[Knote: [m[Kcandidate: ‘[01m[Ktemplate<class _Tp> constexpr std::complex<_Tp> std::[01;32m[Koperator+[m[K(const complex<_Tp>&, const _Tp&)[m[K’
[32.077s]   344 |     [01;36m[Koperator[m[K+(const complex<_Tp>& __x, const _Tp& __y)
[32.077s]       |     [01;36m[K^~~~~~~~[m[K
[32.077s] [01m[K/usr/include/c++/13/complex:344:5:[m[K [01;36m[Knote: [m[K  template argument deduction/substitution failed:
[32.077s] [01m[K/home/apenchu/hobi/ros2_ws/src/stonefish_ros2/src/stonefish_ros2/ROS2Interface.cpp:697:83:[m[K [01;36m[Knote: [m[K  ‘[01m[Kstd_msgs::msg::Header_<std::allocator<void> >::_stamp_type[m[K’ {aka ‘[01m[Kbuiltin_interfaces::msg::Time_<std::allocator<void> >[m[K’} is not derived from ‘[01m[Kconst std::complex<_Tp>[m[K’
[32.077s]   697 |         msg.events[i].ts = msg.header.stamp + rclcpp::Duration(0, abs(data[i*2+1])[01;36m[K)[m[K;
[32.077s]       |                                                                                   [01;36m[K^[m[K
[32.077s] [01m[K/usr/include/c++/13/complex:353:5:[m[K [01;36m[Knote: [m[Kcandidate: ‘[01m[Ktemplate<class _Tp> constexpr std::complex<_Tp> std::[01;32m[Koperator+[m[K(const _Tp&, const complex<_Tp>&)[m[K’
[32.077s]   353 |     [01;36m[Koperator[m[K+(const _Tp& __x, const complex<_Tp>& __y)
[32.077s]       |     [01;36m[K^~~~~~~~[m[K
[32.077s] [01m[K/usr/include/c++/13/complex:353:5:[m[K [01;36m[Knote: [m[K  template argument deduction/substitution failed:
[32.078s] [01m[K/home/apenchu/hobi/ros2_ws/src/stonefish_ros2/src/stonefish_ros2/ROS2Interface.cpp:697:83:[m[K [01;36m[Knote: [m[K  ‘[01m[Krclcpp::Duration[m[K’ is not derived from ‘[01m[Kconst std::complex<_Tp>[m[K’
[32.078s]   697 |         msg.events[i].ts = msg.header.stamp + rclcpp::Duration(0, abs(data[i*2+1])[01;36m[K)[m[K;
[32.078s]       |                                                                                   [01;36m[K^[m[K
[32.078s] [01m[K/usr/include/c++/13/complex:454:5:[m[K [01;36m[Knote: [m[Kcandidate: ‘[01m[Ktemplate<class _Tp> constexpr std::complex<_Tp> std::[01;32m[Koperator+[m[K(const complex<_Tp>&)[m[K’
[32.078s]   454 |     [01;36m[Koperator[m[K+(const complex<_Tp>& __x)
[32.078s]       |     [01;36m[K^~~~~~~~[m[K
[32.078s] [01m[K/usr/include/c++/13/complex:454:5:[m[K [01;36m[Knote: [m[K  template argument deduction/substitution failed:
[32.078s] [01m[K/home/apenchu/hobi/ros2_ws/src/stonefish_ros2/src/stonefish_ros2/ROS2Interface.cpp:697:83:[m[K [01;36m[Knote: [m[K  ‘[01m[Kstd_msgs::msg::Header_<std::allocator<void> >::_stamp_type[m[K’ {aka ‘[01m[Kbuiltin_interfaces::msg::Time_<std::allocator<void> >[m[K’} is not derived from ‘[01m[Kconst std::complex<_Tp>[m[K’
[32.078s]   697 |         msg.events[i].ts = msg.header.stamp + rclcpp::Duration(0, abs(data[i*2+1])[01;36m[K)[m[K;
[32.078s]       |                                                                                   [01;36m[K^[m[K
[32.078s] In file included from [01m[K/usr/local/include/Stonefish/BulletCollision/CollisionDispatch/btCollisionWorld.h:77[m[K,
[32.078s]                  from [01m[K/usr/local/include/Stonefish/btBulletCollisionCommon.h:22[m[K,
[32.078s]                  from [01m[K/usr/local/include/Stonefish/btBulletDynamicsCommon.h:20[m[K,
[32.078s]                  from [01m[K/usr/local/include/Stonefish/StonefishCommon.h:37[m[K,
[32.079s]                  from [01m[K/home/apenchu/hobi/ros2_ws/src/stonefish_ros2/include/stonefish_ros2/ROS2Interface.h:34[m[K:
[32.079s] [01m[K/usr/local/include/Stonefish/LinearMath/btVector3.h:754:1:[m[K [01;36m[Knote: [m[Kcandidate: ‘[01m[KbtVector3[01;32m[K operator+[m[K(const btVector3&, const btVector3&)[m[K’
[32.079s]   754 | [01;36m[Koperator[m[K+(const btVector3& v1, const btVector3& v2)
[32.079s]       | [01;36m[K^~~~~~~~[m[K
[32.079s] [01m[K/usr/local/include/Stonefish/LinearMath/btVector3.h:754:28:[m[K [01;36m[Knote: [m[K  no known conversion for argument 1 from ‘[01m[Kstd_msgs::msg::Header_<std::allocator<void> >::_stamp_type[m[K’ {aka ‘[01m[Kbuiltin_interfaces::msg::Time_<std::allocator<void> >[m[K’} to ‘[01m[Kconst btVector3&[m[K’
[32.079s]   754 | operator+([01;36m[Kconst btVector3& v1[m[K, const btVector3& v2)
[32.079s]       |           [01;36m[K~~~~~~~~~~~~~~~~~^~[m[K
[32.079s] In file included from [01m[K/usr/local/include/Stonefish/LinearMath/btTransform.h:18[m[K,
[32.079s]                  from [01m[K/usr/local/include/Stonefish/BulletCollision/CollisionDispatch/btCollisionWorld.h:78[m[K:
[32.079s] [01m[K/usr/local/include/Stonefish/LinearMath/btMatrix3x3.h:952:1:[m[K [01;36m[Knote: [m[Kcandidate: ‘[01m[KbtMatrix3x3[01;32m[K operator+[m[K(const btMatrix3x3&, const btMatrix3x3&)[m[K’
[32.079s]   952 | [01;36m[Koperator[m[K+(const btMatrix3x3& m1, const btMatrix3x3& m2)
[32.080s]       | [01;36m[K^~~~~~~~[m[K
[32.080s] [01m[K/usr/local/include/Stonefish/LinearMath/btMatrix3x3.h:952:30:[m[K [01;36m[Knote: [m[K  no known conversion for argument 1 from ‘[01m[Kstd_msgs::msg::Header_<std::allocator<void> >::_stamp_type[m[K’ {aka ‘[01m[Kbuiltin_interfaces::msg::Time_<std::allocator<void> >[m[K’} to ‘[01m[Kconst btMatrix3x3&[m[K’
[32.080s]   952 | operator+([01;36m[Kconst btMatrix3x3& m1[m[K, const btMatrix3x3& m2)
[32.080s]       |           [01;36m[K~~~~~~~~~~~~~~~~~~~^~[m[K
[32.080s] In file included from [01m[K/opt/ros/humble/include/rclcpp/rclcpp/clock.hpp:24[m[K,
[32.080s]                  from [01m[K/opt/ros/humble/include/rclcpp/rclcpp/timer.hpp:27[m[K,
[32.080s]                  from [01m[K/opt/ros/humble/include/rclcpp/rclcpp/callback_group.hpp:30[m[K,
[32.080s]                  from [01m[K/opt/ros/humble/include/rclcpp/rclcpp/any_executable.hpp:20[m[K,
[32.080s]                  from [01m[K/opt/ros/humble/include/rclcpp/rclcpp/memory_strategy.hpp:25[m[K,
[32.080s]                  from [01m[K/opt/ros/humble/include/rclcpp/rclcpp/memory_strategies.hpp:18[m[K,
[32.080s]                  from [01m[K/opt/ros/humble/include/rclcpp/rclcpp/executor_options.hpp:20[m[K,
[32.080s]                  from [01m[K/opt/ros/humble/include/rclcpp/rclcpp/executor.hpp:37[m[K,
[32.081s]                  from [01m[K/opt/ros/humble/include/rclcpp/rclcpp/executors/multi_threaded_executor.hpp:25[m[K,
[32.081s]                  from [01m[K/opt/ros/humble/include/rclcpp/rclcpp/executors.hpp:21[m[K,
[32.081s]                  from [01m[K/opt/ros/humble/include/rclcpp/rclcpp/rclcpp.hpp:155[m[K:
[32.081s] [01m[K/opt/ros/humble/include/rclcpp/rclcpp/time.hpp:223:1:[m[K [01;36m[Knote: [m[Kcandidate: ‘[01m[Krclcpp::Time rclcpp::[01;32m[Koperator+[m[K(const Duration&, const Time&)[m[K’
[32.081s]   223 | [01;36m[Koperator[m[K+(const rclcpp::Duration & lhs, const rclcpp::Time & rhs);
[32.081s]       | [01;36m[K^~~~~~~~[m[K
[32.081s] [01m[K/opt/ros/humble/include/rclcpp/rclcpp/time.hpp:223:36:[m[K [01;36m[Knote: [m[K  no known conversion for argument 1 from ‘[01m[Kstd_msgs::msg::Header_<std::allocator<void> >::_stamp_type[m[K’ {aka ‘[01m[Kbuiltin_interfaces::msg::Time_<std::allocator<void> >[m[K’} to ‘[01m[Kconst rclcpp::Duration&[m[K’
[32.081s]   223 | operator+([01;36m[Kconst rclcpp::Duration & lhs[m[K, const rclcpp::Time & rhs);
[32.081s]       |           [01;36m[K~~~~~~~~~~~~~~~~~~~~~~~~~^~~[m[K
[35.934s] gmake[2]: *** [CMakeFiles/stonefish_ros2_interface.dir/build.make:132: CMakeFiles/stonefish_ros2_interface.dir/src/stonefish_ros2/ROS2Interface.cpp.o] Error 1
[35.935s] gmake[2]: *** Waiting for unfinished jobs....
[65.510s] gmake[1]: *** [CMakeFiles/Makefile2:597: CMakeFiles/stonefish_ros2_interface.dir/all] Error 2
[65.510s] gmake: *** [Makefile:146: all] Error 2
[65.513s] Invoked command in '/home/apenchu/hobi/ros2_ws/src/build/stonefish_ros2' returned '2': CMAKE_PREFIX_PATH=/opt/ros/humble /usr/bin/cmake --build /home/apenchu/hobi/ros2_ws/src/build/stonefish_ros2 -- -j8 -l8
