[0.275s] DEBUG:colcon:Command line arguments: ['/usr/bin/colcon', 'build', '--event-handlers', 'console_direct+', '--cmake-args', '--symlink-install', '--packages-select', 'stonefish_bluerov2']
[0.275s] DEBUG:colcon:Parsed command line arguments: Namespace(log_base=None, log_level=None, verb_name='build', build_base='build', install_base='install', merge_install=False, symlink_install=True, test_result_base=None, continue_on_error=False, executor='parallel', parallel_workers=8, event_handlers=['console_direct+'], ignore_user_meta=False, metas=['./colcon.meta'], base_paths=['.'], packages_ignore=None, packages_ignore_regex=None, paths=None, packages_up_to=None, packages_up_to_regex=None, packages_above=None, packages_above_and_dependencies=None, packages_above_depth=None, packages_select_by_dep=None, packages_skip_by_dep=None, packages_skip_up_to=None, packages_select_build_failed=False, packages_skip_build_finished=False, packages_select_test_failures=False, packages_skip_test_passed=False, packages_select=['stonefish_bluerov2'], packages_skip=None, packages_select_regex=None, packages_skip_regex=None, packages_start=None, packages_end=None, allow_overriding=[], cmake_args=[], cmake_target=None, cmake_target_skip_unavailable=False, cmake_clean_cache=False, cmake_clean_first=False, cmake_force_configure=False, ament_cmake_args=None, catkin_cmake_args=None, catkin_skip_building_tests=False, mixin_files=None, mixin=None, verb_parser=<colcon_mixin.mixin.mixin_argument.MixinArgumentDecorator object at 0x70d6670c0b20>, verb_extension=<colcon_core.verb.build.BuildVerb object at 0x70d6671ba110>, main=<bound method BuildVerb.main of <colcon_core.verb.build.BuildVerb object at 0x70d6671ba110>>, mixin_verb=('build',))
[0.584s] Level 1:colcon.colcon_core.package_discovery:discover_packages(colcon_meta) check parameters
[0.584s] Level 1:colcon.colcon_core.package_discovery:discover_packages(recursive) check parameters
[0.584s] Level 1:colcon.colcon_core.package_discovery:discover_packages(ignore) check parameters
[0.584s] Level 1:colcon.colcon_core.package_discovery:discover_packages(path) check parameters
[0.584s] Level 1:colcon.colcon_core.package_discovery:discover_packages(colcon_meta) discover
[0.584s] Level 1:colcon.colcon_core.package_discovery:discover_packages(recursive) discover
[0.584s] INFO:colcon.colcon_core.package_discovery:Crawling recursively for packages in '/home/apenchu/hobi/ros2_ws/src'
[0.585s] Level 1:colcon.colcon_core.package_identification:_identify(.) by extensions ['ignore', 'ignore_ament_install']
[0.585s] Level 1:colcon.colcon_core.package_identification:_identify(.) by extension 'ignore'
[0.585s] Level 1:colcon.colcon_core.package_identification:_identify(.) by extension 'ignore_ament_install'
[0.585s] Level 1:colcon.colcon_core.package_identification:_identify(.) by extensions ['colcon_pkg']
[0.585s] Level 1:colcon.colcon_core.package_identification:_identify(.) by extension 'colcon_pkg'
[0.585s] Level 1:colcon.colcon_core.package_identification:_identify(.) by extensions ['colcon_meta']
[0.585s] Level 1:colcon.colcon_core.package_identification:_identify(.) by extension 'colcon_meta'
[0.585s] Level 1:colcon.colcon_core.package_identification:_identify(.) by extensions ['ros']
[0.585s] Level 1:colcon.colcon_core.package_identification:_identify(.) by extension 'ros'
[0.614s] Level 1:colcon.colcon_core.package_identification:_identify(.) by extensions ['cmake', 'python']
[0.614s] Level 1:colcon.colcon_core.package_identification:_identify(.) by extension 'cmake'
[0.615s] Level 1:colcon.colcon_core.package_identification:_identify(.) by extension 'python'
[0.615s] Level 1:colcon.colcon_core.package_identification:_identify(.) by extensions ['python_setup_py']
[0.615s] Level 1:colcon.colcon_core.package_identification:_identify(.) by extension 'python_setup_py'
[0.616s] Level 1:colcon.colcon_core.package_identification:_identify(build) by extensions ['ignore', 'ignore_ament_install']
[0.616s] Level 1:colcon.colcon_core.package_identification:_identify(build) by extension 'ignore'
[0.616s] Level 1:colcon.colcon_core.package_identification:_identify(build) ignored
[0.616s] Level 1:colcon.colcon_core.package_identification:_identify(install) by extensions ['ignore', 'ignore_ament_install']
[0.616s] Level 1:colcon.colcon_core.package_identification:_identify(install) by extension 'ignore'
[0.616s] Level 1:colcon.colcon_core.package_identification:_identify(install) ignored
[0.617s] Level 1:colcon.colcon_core.package_identification:_identify(log) by extensions ['ignore', 'ignore_ament_install']
[0.617s] Level 1:colcon.colcon_core.package_identification:_identify(log) by extension 'ignore'
[0.617s] Level 1:colcon.colcon_core.package_identification:_identify(log) ignored
[0.617s] Level 1:colcon.colcon_core.package_identification:_identify(stonefish_bluerov2) by extensions ['ignore', 'ignore_ament_install']
[0.617s] Level 1:colcon.colcon_core.package_identification:_identify(stonefish_bluerov2) by extension 'ignore'
[0.617s] Level 1:colcon.colcon_core.package_identification:_identify(stonefish_bluerov2) by extension 'ignore_ament_install'
[0.617s] Level 1:colcon.colcon_core.package_identification:_identify(stonefish_bluerov2) by extensions ['colcon_pkg']
[0.617s] Level 1:colcon.colcon_core.package_identification:_identify(stonefish_bluerov2) by extension 'colcon_pkg'
[0.618s] Level 1:colcon.colcon_core.package_identification:_identify(stonefish_bluerov2) by extensions ['colcon_meta']
[0.618s] Level 1:colcon.colcon_core.package_identification:_identify(stonefish_bluerov2) by extension 'colcon_meta'
[0.618s] Level 1:colcon.colcon_core.package_identification:_identify(stonefish_bluerov2) by extensions ['ros']
[0.618s] Level 1:colcon.colcon_core.package_identification:_identify(stonefish_bluerov2) by extension 'ros'
[0.622s] DEBUG:colcon.colcon_core.package_identification:Package 'stonefish_bluerov2' with type 'ros.ament_cmake' and name 'stonefish_bluerov2'
[0.622s] Level 1:colcon.colcon_core.package_identification:_identify(stonefish_ros2) by extensions ['ignore', 'ignore_ament_install']
[0.622s] Level 1:colcon.colcon_core.package_identification:_identify(stonefish_ros2) by extension 'ignore'
[0.622s] Level 1:colcon.colcon_core.package_identification:_identify(stonefish_ros2) by extension 'ignore_ament_install'
[0.622s] Level 1:colcon.colcon_core.package_identification:_identify(stonefish_ros2) by extensions ['colcon_pkg']
[0.622s] Level 1:colcon.colcon_core.package_identification:_identify(stonefish_ros2) by extension 'colcon_pkg'
[0.622s] Level 1:colcon.colcon_core.package_identification:_identify(stonefish_ros2) by extensions ['colcon_meta']
[0.622s] Level 1:colcon.colcon_core.package_identification:_identify(stonefish_ros2) by extension 'colcon_meta'
[0.623s] Level 1:colcon.colcon_core.package_identification:_identify(stonefish_ros2) by extensions ['ros']
[0.623s] Level 1:colcon.colcon_core.package_identification:_identify(stonefish_ros2) by extension 'ros'
[0.625s] DEBUG:colcon.colcon_core.package_identification:Package 'stonefish_ros2' with type 'ros.ament_cmake' and name 'stonefish_ros2'
[0.625s] Level 1:colcon.colcon_core.package_discovery:discover_packages(recursive) using defaults
[0.625s] Level 1:colcon.colcon_core.package_discovery:discover_packages(ignore) discover
[0.625s] Level 1:colcon.colcon_core.package_discovery:discover_packages(ignore) using defaults
[0.625s] Level 1:colcon.colcon_core.package_discovery:discover_packages(path) discover
[0.625s] Level 1:colcon.colcon_core.package_discovery:discover_packages(path) using defaults
[0.655s] INFO:colcon.colcon_core.package_selection:Skipping not selected package 'stonefish_ros2' in 'stonefish_ros2'
[0.655s] Level 1:colcon.colcon_core.package_discovery:discover_packages(prefix_path) check parameters
[0.656s] Level 1:colcon.colcon_core.package_discovery:discover_packages(prefix_path) discover
[0.658s] DEBUG:colcon.colcon_installed_package_information.package_discovery:Found 2 installed packages in /home/apenchu/hobi/ros2_ws/install
[0.659s] DEBUG:colcon.colcon_installed_package_information.package_discovery:Found 285 installed packages in /opt/ros/humble
[0.661s] Level 1:colcon.colcon_core.package_discovery:discover_packages(prefix_path) using defaults
[0.712s] Level 5:colcon.colcon_core.verb:set package 'stonefish_bluerov2' build argument 'cmake_args' from command line to '[]'
[0.712s] Level 5:colcon.colcon_core.verb:set package 'stonefish_bluerov2' build argument 'cmake_target' from command line to 'None'
[0.712s] Level 5:colcon.colcon_core.verb:set package 'stonefish_bluerov2' build argument 'cmake_target_skip_unavailable' from command line to 'False'
[0.712s] Level 5:colcon.colcon_core.verb:set package 'stonefish_bluerov2' build argument 'cmake_clean_cache' from command line to 'False'
[0.712s] Level 5:colcon.colcon_core.verb:set package 'stonefish_bluerov2' build argument 'cmake_clean_first' from command line to 'False'
[0.712s] Level 5:colcon.colcon_core.verb:set package 'stonefish_bluerov2' build argument 'cmake_force_configure' from command line to 'False'
[0.712s] Level 5:colcon.colcon_core.verb:set package 'stonefish_bluerov2' build argument 'ament_cmake_args' from command line to 'None'
[0.712s] Level 5:colcon.colcon_core.verb:set package 'stonefish_bluerov2' build argument 'catkin_cmake_args' from command line to 'None'
[0.712s] Level 5:colcon.colcon_core.verb:set package 'stonefish_bluerov2' build argument 'catkin_skip_building_tests' from command line to 'False'
[0.712s] DEBUG:colcon.colcon_core.verb:Building package 'stonefish_bluerov2' with the following arguments: {'ament_cmake_args': None, 'build_base': '/home/apenchu/hobi/ros2_ws/src/build/stonefish_bluerov2', 'catkin_cmake_args': None, 'catkin_skip_building_tests': False, 'cmake_args': [], 'cmake_clean_cache': False, 'cmake_clean_first': False, 'cmake_force_configure': False, 'cmake_target': None, 'cmake_target_skip_unavailable': False, 'install_base': '/home/apenchu/hobi/ros2_ws/src/install/stonefish_bluerov2', 'merge_install': False, 'path': '/home/apenchu/hobi/ros2_ws/src/stonefish_bluerov2', 'symlink_install': True, 'test_result_base': None}
[0.712s] INFO:colcon.colcon_core.executor:Executing jobs using 'parallel' executor
[0.713s] DEBUG:colcon.colcon_parallel_executor.executor.parallel:run_until_complete
[0.713s] INFO:colcon.colcon_ros.task.ament_cmake.build:Building ROS package in '/home/apenchu/hobi/ros2_ws/src/stonefish_bluerov2' with build type 'ament_cmake'
[0.714s] INFO:colcon.colcon_cmake.task.cmake.build:Building CMake package in '/home/apenchu/hobi/ros2_ws/src/stonefish_bluerov2'
[0.717s] INFO:colcon.colcon_core.plugin_system:Skipping extension 'colcon_core.shell.bat': Not used on non-Windows systems
[0.717s] INFO:colcon.colcon_core.shell:Skip shell extension 'powershell' for command environment: Not usable outside of PowerShell
[0.717s] DEBUG:colcon.colcon_core.shell:Skip shell extension 'dsv' for command environment
[0.729s] DEBUG:colcon.colcon_core.event_handler.log_command:Invoking command in '/home/apenchu/hobi/ros2_ws/src/build/stonefish_bluerov2': CMAKE_PREFIX_PATH=${CMAKE_PREFIX_PATH}:/opt/ros/humble /usr/bin/cmake /home/apenchu/hobi/ros2_ws/src/stonefish_bluerov2 -DAMENT_CMAKE_SYMLINK_INSTALL=1 -DCMAKE_INSTALL_PREFIX=/home/apenchu/hobi/ros2_ws/src/install/stonefish_bluerov2
[3.629s] DEBUG:colcon.colcon_core.event_handler.log_command:Invoked command in '/home/apenchu/hobi/ros2_ws/src/build/stonefish_bluerov2' returned '0': CMAKE_PREFIX_PATH=${CMAKE_PREFIX_PATH}:/opt/ros/humble /usr/bin/cmake /home/apenchu/hobi/ros2_ws/src/stonefish_bluerov2 -DAMENT_CMAKE_SYMLINK_INSTALL=1 -DCMAKE_INSTALL_PREFIX=/home/apenchu/hobi/ros2_ws/src/install/stonefish_bluerov2
[3.634s] DEBUG:colcon.colcon_core.event_handler.log_command:Invoking command in '/home/apenchu/hobi/ros2_ws/src/build/stonefish_bluerov2': CMAKE_PREFIX_PATH=${CMAKE_PREFIX_PATH}:/opt/ros/humble /usr/bin/cmake --build /home/apenchu/hobi/ros2_ws/src/build/stonefish_bluerov2 -- -j8 -l8
[4.432s] DEBUG:colcon.colcon_core.event_handler.log_command:Invoked command in '/home/apenchu/hobi/ros2_ws/src/build/stonefish_bluerov2' returned '0': CMAKE_PREFIX_PATH=${CMAKE_PREFIX_PATH}:/opt/ros/humble /usr/bin/cmake --build /home/apenchu/hobi/ros2_ws/src/build/stonefish_bluerov2 -- -j8 -l8
[4.452s] DEBUG:colcon.colcon_core.event_handler.log_command:Invoking command in '/home/apenchu/hobi/ros2_ws/src/build/stonefish_bluerov2': CMAKE_PREFIX_PATH=${CMAKE_PREFIX_PATH}:/opt/ros/humble /usr/bin/cmake --install /home/apenchu/hobi/ros2_ws/src/build/stonefish_bluerov2
[7.664s] Level 1:colcon.colcon_core.environment:create_environment_scripts_only(stonefish_bluerov2)
[7.665s] DEBUG:colcon.colcon_core.event_handler.log_command:Invoked command in '/home/apenchu/hobi/ros2_ws/src/build/stonefish_bluerov2' returned '0': CMAKE_PREFIX_PATH=${CMAKE_PREFIX_PATH}:/opt/ros/humble /usr/bin/cmake --install /home/apenchu/hobi/ros2_ws/src/build/stonefish_bluerov2
[7.670s] Level 1:colcon.colcon_core.environment:checking '/home/apenchu/hobi/ros2_ws/src/install/stonefish_bluerov2' for CMake module files
[7.671s] Level 1:colcon.colcon_core.environment:checking '/home/apenchu/hobi/ros2_ws/src/install/stonefish_bluerov2' for CMake config files
[7.674s] Level 1:colcon.colcon_core.shell:create_environment_hook('stonefish_bluerov2', 'cmake_prefix_path')
[7.675s] INFO:colcon.colcon_core.shell:Creating environment hook '/home/apenchu/hobi/ros2_ws/src/install/stonefish_bluerov2/share/stonefish_bluerov2/hook/cmake_prefix_path.ps1'
[7.679s] INFO:colcon.colcon_core.shell:Creating environment descriptor '/home/apenchu/hobi/ros2_ws/src/install/stonefish_bluerov2/share/stonefish_bluerov2/hook/cmake_prefix_path.dsv'
[7.682s] INFO:colcon.colcon_core.shell:Creating environment hook '/home/apenchu/hobi/ros2_ws/src/install/stonefish_bluerov2/share/stonefish_bluerov2/hook/cmake_prefix_path.sh'
[7.684s] Level 1:colcon.colcon_core.environment:checking '/home/apenchu/hobi/ros2_ws/src/install/stonefish_bluerov2/lib'
[7.684s] Level 1:colcon.colcon_core.environment:checking '/home/apenchu/hobi/ros2_ws/src/install/stonefish_bluerov2/bin'
[7.684s] Level 1:colcon.colcon_core.environment:checking '/home/apenchu/hobi/ros2_ws/src/install/stonefish_bluerov2/lib/pkgconfig/stonefish_bluerov2.pc'
[7.685s] Level 1:colcon.colcon_core.environment:checking '/home/apenchu/hobi/ros2_ws/src/install/stonefish_bluerov2/lib/python3.10/site-packages'
[7.685s] Level 1:colcon.colcon_core.environment:checking '/home/apenchu/hobi/ros2_ws/src/install/stonefish_bluerov2/bin'
[7.686s] INFO:colcon.colcon_core.shell:Creating package script '/home/apenchu/hobi/ros2_ws/src/install/stonefish_bluerov2/share/stonefish_bluerov2/package.ps1'
[7.687s] INFO:colcon.colcon_core.shell:Creating package descriptor '/home/apenchu/hobi/ros2_ws/src/install/stonefish_bluerov2/share/stonefish_bluerov2/package.dsv'
[7.688s] INFO:colcon.colcon_core.shell:Creating package script '/home/apenchu/hobi/ros2_ws/src/install/stonefish_bluerov2/share/stonefish_bluerov2/package.sh'
[7.690s] INFO:colcon.colcon_core.shell:Creating package script '/home/apenchu/hobi/ros2_ws/src/install/stonefish_bluerov2/share/stonefish_bluerov2/package.bash'
[7.692s] INFO:colcon.colcon_core.shell:Creating package script '/home/apenchu/hobi/ros2_ws/src/install/stonefish_bluerov2/share/stonefish_bluerov2/package.zsh'
[7.693s] Level 1:colcon.colcon_core.environment:create_file_with_runtime_dependencies(/home/apenchu/hobi/ros2_ws/src/install/stonefish_bluerov2/share/colcon-core/packages/stonefish_bluerov2)
[7.695s] Level 1:colcon.colcon_core.environment:create_environment_scripts_only(stonefish_bluerov2)
[7.696s] Level 1:colcon.colcon_core.environment:checking '/home/apenchu/hobi/ros2_ws/src/install/stonefish_bluerov2' for CMake module files
[7.698s] Level 1:colcon.colcon_core.environment:checking '/home/apenchu/hobi/ros2_ws/src/install/stonefish_bluerov2' for CMake config files
[7.701s] Level 1:colcon.colcon_core.shell:create_environment_hook('stonefish_bluerov2', 'cmake_prefix_path')
[7.702s] INFO:colcon.colcon_core.shell:Creating environment hook '/home/apenchu/hobi/ros2_ws/src/install/stonefish_bluerov2/share/stonefish_bluerov2/hook/cmake_prefix_path.ps1'
[7.702s] INFO:colcon.colcon_core.shell:Creating environment descriptor '/home/apenchu/hobi/ros2_ws/src/install/stonefish_bluerov2/share/stonefish_bluerov2/hook/cmake_prefix_path.dsv'
[7.703s] INFO:colcon.colcon_core.shell:Creating environment hook '/home/apenchu/hobi/ros2_ws/src/install/stonefish_bluerov2/share/stonefish_bluerov2/hook/cmake_prefix_path.sh'
[7.704s] Level 1:colcon.colcon_core.environment:checking '/home/apenchu/hobi/ros2_ws/src/install/stonefish_bluerov2/lib'
[7.704s] Level 1:colcon.colcon_core.environment:checking '/home/apenchu/hobi/ros2_ws/src/install/stonefish_bluerov2/bin'
[7.704s] Level 1:colcon.colcon_core.environment:checking '/home/apenchu/hobi/ros2_ws/src/install/stonefish_bluerov2/lib/pkgconfig/stonefish_bluerov2.pc'
[7.704s] Level 1:colcon.colcon_core.environment:checking '/home/apenchu/hobi/ros2_ws/src/install/stonefish_bluerov2/lib/python3.10/site-packages'
[7.705s] Level 1:colcon.colcon_core.environment:checking '/home/apenchu/hobi/ros2_ws/src/install/stonefish_bluerov2/bin'
[7.706s] INFO:colcon.colcon_core.shell:Creating package script '/home/apenchu/hobi/ros2_ws/src/install/stonefish_bluerov2/share/stonefish_bluerov2/package.ps1'
[7.707s] INFO:colcon.colcon_core.shell:Creating package descriptor '/home/apenchu/hobi/ros2_ws/src/install/stonefish_bluerov2/share/stonefish_bluerov2/package.dsv'
[7.709s] INFO:colcon.colcon_core.shell:Creating package script '/home/apenchu/hobi/ros2_ws/src/install/stonefish_bluerov2/share/stonefish_bluerov2/package.sh'
[7.709s] INFO:colcon.colcon_core.shell:Creating package script '/home/apenchu/hobi/ros2_ws/src/install/stonefish_bluerov2/share/stonefish_bluerov2/package.bash'
[7.711s] INFO:colcon.colcon_core.shell:Creating package script '/home/apenchu/hobi/ros2_ws/src/install/stonefish_bluerov2/share/stonefish_bluerov2/package.zsh'
[7.714s] Level 1:colcon.colcon_core.environment:create_file_with_runtime_dependencies(/home/apenchu/hobi/ros2_ws/src/install/stonefish_bluerov2/share/colcon-core/packages/stonefish_bluerov2)
[7.762s] DEBUG:colcon.colcon_parallel_executor.executor.parallel:closing loop
[7.763s] DEBUG:colcon.colcon_parallel_executor.executor.parallel:loop closed
[7.763s] DEBUG:colcon.colcon_parallel_executor.executor.parallel:run_until_complete finished with '0'
[7.763s] DEBUG:colcon.colcon_core.event_reactor:joining thread
[7.777s] INFO:colcon.colcon_core.plugin_system:Skipping extension 'colcon_notification.desktop_notification.terminal_notifier': Not used on non-Darwin systems
[7.777s] INFO:colcon.colcon_core.plugin_system:Skipping extension 'colcon_notification.desktop_notification.win32': Not used on non-Windows systems
[7.777s] INFO:colcon.colcon_notification.desktop_notification:Sending desktop notification using 'notify2'
[7.800s] DEBUG:colcon.colcon_core.event_reactor:joined thread
[7.801s] INFO:colcon.colcon_core.shell:Creating prefix script '/home/apenchu/hobi/ros2_ws/src/install/local_setup.ps1'
[7.804s] INFO:colcon.colcon_core.shell:Creating prefix util module '/home/apenchu/hobi/ros2_ws/src/install/_local_setup_util_ps1.py'
[7.807s] INFO:colcon.colcon_core.shell:Creating prefix chain script '/home/apenchu/hobi/ros2_ws/src/install/setup.ps1'
[7.812s] INFO:colcon.colcon_core.shell:Creating prefix script '/home/apenchu/hobi/ros2_ws/src/install/local_setup.sh'
[7.815s] INFO:colcon.colcon_core.shell:Creating prefix util module '/home/apenchu/hobi/ros2_ws/src/install/_local_setup_util_sh.py'
[7.817s] INFO:colcon.colcon_core.shell:Creating prefix chain script '/home/apenchu/hobi/ros2_ws/src/install/setup.sh'
[7.819s] INFO:colcon.colcon_core.shell:Creating prefix script '/home/apenchu/hobi/ros2_ws/src/install/local_setup.bash'
[7.820s] INFO:colcon.colcon_core.shell:Creating prefix chain script '/home/apenchu/hobi/ros2_ws/src/install/setup.bash'
[7.822s] INFO:colcon.colcon_core.shell:Creating prefix script '/home/apenchu/hobi/ros2_ws/src/install/local_setup.zsh'
[7.824s] INFO:colcon.colcon_core.shell:Creating prefix chain script '/home/apenchu/hobi/ros2_ws/src/install/setup.zsh'
